{'description': {'en': 'Overlay with focus on VDR and software that is not in Portage'},
 'feed': ['http://github.com/feeds/amielke/commits/amielke-overlay/master'],
 'homepage': 'http://amielke.de/',
 'name': 'amielke-overlay',
 'owner': [{'email': 'gentoo@amielke.de', 'name': 'Andreas Mielke'}],
 'quality': 'experimental',
 'source': [{'type': 'git',
             'uri': 'git://github.com/amielke/amielke-overlay.git'}],
 'status': 'unofficial'}
$ pmaint sync amielke-overlay
WARNING:pkgcore:repository at '/home/mgorny/repos/steveeJ' has unsupported profile format(s): 'profile-set'
WARNING:pkgcore:repository at '/home/mgorny/repos/steveeJ' has unsupported profile format(s): 'profile-set'
Already up-to-date.
*** syncing amielke-overlay
*** synced amielke-overlay
 * Sync succeeded
$ pmaint regen --use-local-desc --pkg-desc-index -t 2 amielke-overlay
WARNING:pkgcore:repository at '/home/mgorny/repos/steveeJ' has unsupported profile format(s): 'profile-set'
WARNING:pkgcore:repository at '/home/mgorny/repos/steveeJ' has unsupported profile format(s): 'profile-set'

!!! ERROR: app-pda/syncevolution-1.1 failed.
!!! die invoked from directory /home/mgorny/pkgcore-venv/lib/pkgcore
!!! Call stack:
!!!             ebuild-daemon.bash, line 458:  Called __ebd_exec_main 'daemonize'
!!!             ebuild-daemon.bash, line 210:  Called __ebd_main_loop
!!!             ebuild-daemon.bash, line 441:  Called __ebd_process_metadata '203' 'depend'
!!!             ebuild-daemon.bash, line 374:  Called __execute_phases 'depend'
!!!                     ebuild.lib, line 431:  Called __load_ebuild '/home/mgorny/repos/amielke-overlay/app-pda/syncevolution/syncevolution-1.1.ebuild'
!!!                     ebuild.lib, line 252:  Called __qa_invoke 'source' '/home/mgorny/repos/amielke-overlay/app-pda/syncevolution/syncevolution-1.1.ebuild'
!!!         isolated-functions.lib, line 286:  Called source '/home/mgorny/repos/amielke-overlay/app-pda/syncevolution/syncevolution-1.1.ebuild'
!!!       syncevolution-1.1.ebuild, line   7:  Called inherit 'gnome2'
!!!   ebuild-default-functions.lib, line 230:  Called __internal_inherit 'gnome2'

!!! ERROR: media-tv/xbmc-9999 failed.
!!! die invoked from directory /home/mgorny/pkgcore-venv/lib/pkgcore
!!! Call stack:
!!!              ebuild-daemon.lib, line  30:  Called __qa_invoke 'source' '/home/mgorny/repos/gentoo/eclass/gnome2.eclass'
!!!         isolated-functions.lib, line 286:  Called source '/home/mgorny/repos/gentoo/eclass/gnome2.eclass'
!!!             ebuild-daemon.bash, line 458:  Called __ebd_exec_main 'daemonize'
!!!                  gnome2.eclass, line  19:  Called die
!!! The die message:
!!!  EAPI=2 is not supported


!!! ERROR: gnome-extra/computertemp-0.9.6.1 failed.
!!! die invoked from directory /home/mgorny/pkgcore-venv/lib/pkgcore
!!! Call stack:
!!!             ebuild-daemon.bash, line 210:  Called __ebd_main_loop
!!!             ebuild-daemon.bash, line 458:  Called __ebd_exec_main 'daemonize'
!!!             ebuild-daemon.bash, line 441:  Called __ebd_process_metadata '161' 'depend'
!!!             ebuild-daemon.bash, line 210:  Called __ebd_main_loop
!!!             ebuild-daemon.bash, line 374:  Called __execute_phases 'depend'
!!!             ebuild-daemon.bash, line 441:  Called __ebd_process_metadata '226' 'depend'
!!!                     ebuild.lib, line 431:  Called __load_ebuild '/home/mgorny/repos/amielke-overlay/media-tv/xbmc/xbmc-9999.ebuild'
!!!                     ebuild.lib, line 252:  Called __qa_invoke 'source' '/home/mgorny/repos/amielke-overlay/media-tv/xbmc/xbmc-9999.ebuild'
!!!         isolated-functions.lib, line 286:  Called source '/home/mgorny/repos/amielke-overlay/media-tv/xbmc/xbmc-9999.ebuild'
!!!             ebuild-daemon.bash, line 374:  Called __execute_phases 'depend'
!!!               xbmc-9999.ebuild, line  20:  Called inherit 'git' 'autotools'
!!!                     ebuild.lib, line 431:  Called __load_ebuild '/home/mgorny/repos/amielke-overlay/gnome-extra/computertemp/computertemp-0.9.6.1.ebuild'
!!!   ebuild-default-functions.lib, line 230:  Called __internal_inherit 'git'
!!!                     ebuild.lib, line 252:  Called __qa_invoke 'source' '/home/mgorny/repos/amielke-overlay/gnome-extra/computertemp/computertemp-0.9.6.1.ebuild'
!!!              ebuild-daemon.lib, line  35:  Called die
!!! The die message:
!!!  inherit for git failed

!!!         isolated-functions.lib, line 286:  Called source '/home/mgorny/repos/amielke-overlay/gnome-extra/computertemp/computertemp-0.9.6.1.ebuild'

!!! ERROR: games-puzzle/vvvvvv-2.01 failed.
!!!    computertemp-0.9.6.1.ebuild, line   5:  Called inherit 'gnome2'
!!! die invoked from directory /home/mgorny/pkgcore-venv/lib/pkgcore
!!! Call stack:
!!!   ebuild-default-functions.lib, line 230:  Called __internal_inherit 'gnome2'
!!!             ebuild-daemon.bash, line 458:  Called __ebd_exec_main 'daemonize'
!!!              ebuild-daemon.lib, line  30:  Called __qa_invoke 'source' '/home/mgorny/repos/gentoo/eclass/gnome2.eclass'

!!! ERROR: media-sound/alsa-driver-9999-r1 failed.
!!! die invoked from directory /home/mgorny/pkgcore-venv/lib/pkgcore
!!! Call stack:
!!!             ebuild-daemon.bash, line 210:  Called __ebd_main_loop
!!!         isolated-functions.lib, line 286:  Called source '/home/mgorny/repos/gentoo/eclass/gnome2.eclass'
!!!                  gnome2.eclass, line  19:  Called die
!!! The die message:
!!!  EAPI= is not supported

!!!             ebuild-daemon.bash, line 458:  Called __ebd_exec_main 'daemonize'
!!!             ebuild-daemon.bash, line 441:  Called __ebd_process_metadata '183' 'depend'
!!!             ebuild-daemon.bash, line 210:  Called __ebd_main_loop
!!!             ebuild-daemon.bash, line 374:  Called __execute_phases 'depend'
!!!             ebuild-daemon.bash, line 441:  Called __ebd_process_metadata '215' 'depend'
!!!                     ebuild.lib, line 431:  Called __load_ebuild '/home/mgorny/repos/amielke-overlay/games-puzzle/vvvvvv/vvvvvv-2.01.ebuild'
!!!             ebuild-daemon.bash, line 374:  Called __execute_phases 'depend'
!!!                     ebuild.lib, line 252:  Called __qa_invoke 'source' '/home/mgorny/repos/amielke-overlay/games-puzzle/vvvvvv/vvvvvv-2.01.ebuild'
!!!                     ebuild.lib, line 431:  Called __load_ebuild '/home/mgorny/repos/amielke-overlay/media-sound/alsa-driver/alsa-driver-9999-r1.ebuild'
!!!         isolated-functions.lib, line 286:  Called source '/home/mgorny/repos/amielke-overlay/games-puzzle/vvvvvv/vvvvvv-2.01.ebuild'
!!!             vvvvvv-2.01.ebuild, line   7:  Called inherit 'eutils' 'games'
!!!                     ebuild.lib, line 252:  Called __qa_invoke 'source' '/home/mgorny/repos/amielke-overlay/media-sound/alsa-driver/alsa-driver-9999-r1.ebuild'
!!!   ebuild-default-functions.lib, line 230:  Called __internal_inherit 'games'
!!!              ebuild-daemon.lib, line  37:  Called die
!!! The die message:
!!!  unknown inherit command from pythonic side, 'gen_metadata 170' for eclass games

received unknown com: export CATEGORY='dev-libs' PR=r0 PVR='1.0.10' PV='1.0.10' EBUILD='/home/mgorny/repos/amielke-overlay/dev-libs/dee/dee-1.0.10.ebuild' P='dee-1.0.10' PF='dee-1.0.10' PN=deepath
Exception in thread Thread-2:
Traceback (most recent call last):
  File "/usr/lib64/python2.7/threading.py", line 810, in __bootstrap_inner
    self.run()
  File "/usr/lib64/python2.7/threading.py", line 763, in run
    self.__target(*self.__args, **self.__kwargs)
  File "/home/mgorny/pkgcore-venv/lib/python2.7/site-packages/pkgcore/operations/regen.py", line 15, in regen_iter
    regen_func(x)
  File "/home/mgorny/pkgcore-venv/lib/python2.7/site-packages/pkgcore/ebuild/repository.py", line 521, in __call__
    return pkg._fetch_metadata(ebp=self.ebp, force_regen=self.force)
  File "/home/mgorny/pkgcore-venv/lib/python2.7/site-packages/pkgcore/ebuild/ebuild_src.py", line 269, in _fetch_metadata
    return self._parent._get_metadata(self, ebp=ebp, force_regen=force_regen)
  File "/home/mgorny/pkgcore-venv/lib/python2.7/site-packages/pkgcore/ebuild/ebuild_src.py", line 360, in _get_metadata
    return self._update_metadata(pkg, ebp=ebp)
  File "/home/mgorny/pkgcore-venv/lib/python2.7/site-packages/pkgcore/ebuild/ebuild_src.py", line 368, in _update_metadata
    mydata = my_proc.get_keys(pkg, self._ecache)
  File "/home/mgorny/pkgcore-venv/lib/python2.7/site-packages/pkgcore/ebuild/processor.py", line 827, in get_keys
    {"key": receive_key})
  File "/home/mgorny/pkgcore-venv/lib/python2.7/site-packages/pkgcore/ebuild/processor.py", line 760, in _run_depend_like_phase
    self.write("%s %i\n%s" % (command, len(data), data), append_newline=False)
  File "/home/mgorny/pkgcore-venv/lib/python2.7/site-packages/pkgcore/ebuild/processor.py", line 458, in write
    raise RuntimeError(ie)
RuntimeError: [Errno 32] Broken pipe

!!!         isolated-functions.lib, line 286:  Called source '/home/mgorny/repos/amielke-overlay/media-sound/alsa-driver/alsa-driver-9999-r1.ebuild'

!!! ERROR: media-plugins/banshee-community-extensions-9999 failed.

!!! ERROR: media-plugins/vdr-vnsiserver-9999 failed.
!!! die invoked from directory /home/mgorny/pkgcore-venv/lib/pkgcore
!!! Call stack:

!!! ERROR: media-plugins/vdr-live-9999 failed.
!!! die invoked from directory /home/mgorny/pkgcore-venv/lib/pkgcore
!!! Call stack:
!!!     alsa-driver-9999-r1.ebuild, line   5:  Called inherit 'linux-mod' 'flag-o-matic' 'eutils' 'multilib' 'autotools' 'git'
!!! die invoked from directory /home/mgorny/pkgcore-venv/lib/pkgcore
!!! Call stack:
!!!             ebuild-daemon.bash, line 458:  Called __ebd_exec_main 'daemonize'
!!!   ebuild-default-functions.lib, line 230:  Called __internal_inherit 'git'
!!!             ebuild-daemon.bash, line 458:  Called __ebd_exec_main 'daemonize'
!!!                         ebuild-daemon.bash, line 458:  Called __ebd_exec_main 'daemonize'
!!!             ebuild-daemon.bash, line 210:  Called __ebd_main_loop
!!!              ebuild-daemon.lib, line  35:  Called die
!!! The die message:
!!!  inherit for git failed

!!!             ebuild-daemon.bash, line 210:  Called __ebd_main_loop
!!!                         ebuild-daemon.bash, line 210:  Called __ebd_main_loop
!!!             ebuild-daemon.bash, line 441:  Called __ebd_process_metadata '193' 'depend'
!!!             ebuild-daemon.bash, line 441:  Called __ebd_process_metadata '223' 'depend'
!!!             ebuild-daemon.bash, line 374:  Called __execute_phases 'depend'
!!!                     ebuild.lib, line 431:  Called __load_ebuild '/home/mgorny/repos/amielke-overlay/media-plugins/vdr-live/vdr-live-9999.ebuild'
!!!                     ebuild.lib, line 252:  Called __qa_invoke 'source' '/home/mgorny/repos/amielke-overlay/media-plugins/vdr-live/vdr-live-9999.ebuild'
!!!                         ebuild-daemon.bash, line 441:  Called __ebd_process_metadata '293' 'depend'
!!!             ebuild-daemon.bash, line 374:  Called __execute_phases 'depend'
!!!                         ebuild-daemon.bash, line 374:  Called __execute_phases 'depend'
!!!                     ebuild.lib, line 431:  Called __load_ebuild '/home/mgorny/repos/amielke-overlay/media-plugins/vdr-vnsiserver/vdr-vnsiserver-9999.ebuild'
!!!         isolated-functions.lib, line 286:  Called source '/home/mgorny/repos/amielke-overlay/media-plugins/vdr-live/vdr-live-9999.ebuild'
!!!                     ebuild.lib, line 252:  Called __qa_invoke 'source' '/home/mgorny/repos/amielke-overlay/media-plugins/vdr-vnsiserver/vdr-vnsiserver-9999.ebuild'
!!!           vdr-live-9999.ebuild, line   5:  Called inherit 'git' 'vdr-plugin'
!!!   ebuild-default-functions.lib, line 230:  Called __internal_inherit 'git'
!!!         isolated-functions.lib, line 286:  Called source '/home/mgorny/repos/amielke-overlay/media-plugins/vdr-vnsiserver/vdr-vnsiserver-9999.ebuild'
!!!                                 ebuild.lib, line 431:  Called __load_ebuild '/home/mgorny/repos/amielke-overlay/media-plugins/banshee-community-extensions/banshee-community-extensions-9999.ebuild'
!!!              ebuild-daemon.lib, line  35:  Called die
!!! The die message:
!!!  inherit for git failed

!!!                                 ebuild.lib, line 252:  Called __qa_invoke 'source' '/home/mgorny/repos/amielke-overlay/media-plugins/banshee-community-extensions/banshee-community-extensions-9999.ebuild'
!!!     vdr-vnsiserver-9999.ebuild, line   9:  Called inherit 'vdr-plugin' 'git'
!!!                     isolated-functions.lib, line 286:  Called source '/home/mgorny/repos/amielke-overlay/media-plugins/banshee-community-extensions/banshee-community-extensions-9999.ebuild'
!!!   banshee-community-extensions-9999.ebuild, line   7:  Called inherit 'base' 'mono' 'git' 'autotools'
!!!   ebuild-default-functions.lib, line 230:  Called __internal_inherit 'git'
!!!              ebuild-daemon.lib, line  35:  Called die
!!! The die message:
!!!  inherit for git failed

!!!               ebuild-default-functions.lib, line 230:  Called __internal_inherit 'git'
!!!                          ebuild-daemon.lib, line  35:  Called die
!!! The die message:
!!!  inherit for git failed

!!! caught exception inherit requires an unknown eclass, git cannot be found while processing ebuild src: media-tv/xbmc-9999
ERROR pkgcore: returned val from gen_metadata was 'False'
!!! caught exception False while processing ebuild src: app-pda/syncevolution-1.1
ERROR pkgcore: returned val from gen_metadata was 'False'
!!! caught exception False while processing ebuild src: games-puzzle/vvvvvv-2.01
!!! caught exception inherit requires an unknown eclass, git cannot be found while processing ebuild src: media-sound/alsa-driver-9999-r1
ERROR pkgcore: returned val from gen_metadata was 'False'
!!! caught exception False while processing ebuild src: gnome-extra/computertemp-0.9.6.1
ERROR pkgcore: returned val from gen_metadata was 'False'
!!! caught exception False while processing ebuild src: dev-libs/dee-1.0.10
!!! caught exception ("Expected command; instead got nothing from ''", None) while processing ebuild src: app-backup/insync-1.0.34
!!! caught exception inherit requires an unknown eclass, git cannot be found while processing ebuild src: media-plugins/banshee-community-extensions-9999
!!! caught exception inherit requires an unknown eclass, git cannot be found while processing ebuild src: media-plugins/vdr-vnsiserver-9999
!!! caught exception inherit requires an unknown eclass, git cannot be found while processing ebuild src: media-plugins/vdr-live-9999
ERROR pkgcore: returned val from gen_metadata was 'False'
!!! caught exception False while processing ebuild src: media-libs/libfprint-0.1.0_pre2
!!! caught exception Metadata Exception: pkg ebuild src: net-print/brother-mfc-j265w-drivers-1, attr eapi
error: parsed eapi '4' doesn't match sourced eapi '3' while processing ebuild src: net-print/brother-mfc-j265w-drivers-1
ERROR pkgcore: returned val from gen_metadata was 'False'
!!! caught exception False while processing ebuild src: media-video/mjpegtools-1.9.0-r1
ERROR pkgcore: returned val from gen_metadata was 'False'
!!! caught exception False while processing ebuild src: net-misc/roger-router-1.8.12
ERROR pkgcore: returned val from gen_metadata was 'False'
!!! caught exception False while processing ebuild src: app-office/kingsoft-office-0.15.0_alpha
Error running an operation:
 Unhandled exception in regen_cache

!!! ERROR: net-print/brother-mfc-j265w-drivers-1 failed.
!!! die invoked from directory /home/mgorny/pkgcore-venv/lib/pkgcore
!!! Call stack:
!!!                   ebuild-daemon.bash, line 458:  Called __ebd_exec_main 'daemonize'
!!!                   ebuild-daemon.bash, line 210:  Called __ebd_main_loop
!!!                   ebuild-daemon.bash, line 441:  Called __ebd_process_metadata '255' 'depend'
!!!                   ebuild-daemon.bash, line 374:  Called __execute_phases 'depend'
!!!                           ebuild.lib, line 431:  Called __load_ebuild '/home/mgorny/repos/amielke-overlay/net-print/brother-mfc-j265w-drivers/brother-mfc-j265w-drivers-1.ebuild'
!!!                           ebuild.lib, line 252:  Called __qa_invoke 'source' '/home/mgorny/repos/amielke-overlay/net-print/brother-mfc-j265w-drivers/brother-mfc-j265w-drivers-1.ebuild'
!!!               isolated-functions.lib, line 286:  Called source '/home/mgorny/repos/amielke-overlay/net-print/brother-mfc-j265w-drivers/brother-mfc-j265w-drivers-1.ebuild'
!!!   brother-mfc-j265w-drivers-1.ebuild, line   3:  Called inherit 'rpm' 'multilib'
!!!         ebuild-default-functions.lib, line 230:  Called __internal_inherit 'rpm'
!!!                    ebuild-daemon.lib, line  37:  Called die
!!! The die message:
!!!  unknown inherit command from pythonic side, 'alive' for eclass rpm

sandbox:stop  caught signal 15 in pid 19544
Sandboxed process killed by signal: Terminated

!!! ERROR: net-misc/roger-router-1.8.12 failed.
!!! die invoked from directory /home/mgorny/pkgcore-venv/lib/pkgcore
!!! Call stack:
!!!             ebuild-daemon.bash, line 458:  Called __ebd_exec_main 'daemonize'
!!!             ebuild-daemon.bash, line 210:  Called __ebd_main_loop
!!!             ebuild-daemon.bash, line 441:  Called __ebd_process_metadata '217' 'depend'
!!!             ebuild-daemon.bash, line 374:  Called __execute_phases 'depend'
!!!                     ebuild.lib, line 431:  Called __load_ebuild '/home/mgorny/repos/amielke-overlay/net-misc/roger-router/roger-router-1.8.12.ebuild'
!!!                     ebuild.lib, line 252:  Called __qa_invoke 'source' '/home/mgorny/repos/amielke-overlay/net-misc/roger-router/roger-router-1.8.12.ebuild'
!!!         isolated-functions.lib, line 286:  Called source '/home/mgorny/repos/amielke-overlay/net-misc/roger-router/roger-router-1.8.12.ebuild'
!!!     roger-router-1.8.12.ebuild, line   5:  Called inherit 'eutils' 'fdo-mime' 'gnome2-utils'
!!!   ebuild-default-functions.lib, line 230:  Called __internal_inherit 'gnome2-utils'
!!!              ebuild-daemon.lib, line  37:  Called die
!!! The die message:
!!!  unknown inherit command from pythonic side, 'alive' for eclass gnome2-utils

sandbox:stop  caught signal 15 in pid 18847
Sandboxed process killed by signal: Terminated
sandbox:stop  caught signal 15 in pid 16928
Sandboxed process killed by signal: Terminated
sandbox:stop  caught signal 15 in pid 15599
Sandboxed process killed by signal: Terminated
 * Cache regen failed with 246
