{'description': {'en': "Donnie Berkholz's private developer overlay"},
 'feed': ['https://cgit.gentoo.org/dev/dberkholz.git/atom/'],
 'homepage': 'http://dev.gentoo.org/~dberkholz/overlay/',
 'name': 'dberkholz',
 'owner': [{'email': 'dberkholz@gentoo.org', 'name': 'Donnie Berkholz'}],
 'quality': 'experimental',
 'source': [{'type': 'git', 'uri': 'git://anongit.gentoo.org/dev/dberkholz'},
            {'type': 'git',
             'uri': 'https://anongit.gentoo.org/git/dev/dberkholz.git'},
            {'type': 'git',
             'uri': 'git+ssh://git@git.gentoo.org/dev/dberkholz.git'}],
 'status': 'unofficial'}
$ pmaint sync dberkholz
WARNING:pkgcore:repository at location '/home/mgorny/repos/bleeding-edge' lacks a defined repo_name
WARNING:pkgcore:repository at '/home/mgorny/repos/bleeding-edge', named 'bleeding-edge', doesn't specify masters in metadata/layout.conf. Defaulting to whatever repository is defined as 'default' (gentoo usually). Please explicitly set the masters, or set masters = '' if the repository is standalone.
WARNING:pkgcore:repository at '/home/mgorny/repos/steveeJ' has unsupported profile format(s): 'profile-set'
Already up-to-date.
*** syncing dberkholz
*** synced dberkholz
 * Sync succeeded
$ pmaint regen -t 2 dberkholz
WARNING:pkgcore:repository at '/home/mgorny/repos/steveeJ' has unsupported profile format(s): 'profile-set'
WARNING:pkgcore:repository at '/home/mgorny/repos/steveeJ' has unsupported profile format(s): 'profile-set'

!!! ERROR: app-pda/ipheth-pair-9999 failed.

!!! ERROR: sci-biology/TMalign-9999 failed.
!!! die invoked from directory /home/mgorny/pkgcore-venv/lib/pkgcore
!!! Call stack:
!!! die invoked from directory /home/mgorny/pkgcore-venv/lib/pkgcore
!!! Call stack:
!!!             ebuild-daemon.bash, line 458:  Called __ebd_exec_main 'daemonize'
!!!             ebuild-daemon.bash, line 458:  Called __ebd_exec_main 'daemonize'
!!!             ebuild-daemon.bash, line 210:  Called __ebd_main_loop
!!!             ebuild-daemon.bash, line 210:  Called __ebd_main_loop
 * 
 * "/home/mgorny/repos/dberkholz/sci-mathematics/pyquante/pyquante-1.6.3.ebuild":
 * Deprecation Warning: Usage of distutils.eclass in packages not supporting installation
 * for multiple Python ABIs in EAPI <=2 is deprecated.
 * The ebuild should to be fixed. Please report a bug, if it has not been already reported.
 * 
!!!             ebuild-daemon.bash, line 441:  Called __ebd_process_metadata '190' 'depend'
 * 
 * "/home/mgorny/repos/dberkholz/sci-biology/biskit/biskit-2.3.1.ebuild":
 * Deprecation Warning: Usage of distutils.eclass in packages not supporting installation
 * for multiple Python ABIs in EAPI <=2 is deprecated.
 * The ebuild should to be fixed. Please report a bug, if it has not been already reported.
 * 
!!!             ebuild-daemon.bash, line 441:  Called __ebd_process_metadata '176' 'depend'
!!!             ebuild-daemon.bash, line 374:  Called __execute_phases 'depend'
!!!                     ebuild.lib, line 431:  Called __load_ebuild '/home/mgorny/repos/dberkholz/app-pda/ipheth-pair/ipheth-pair-9999.ebuild'
!!!             ebuild-daemon.bash, line 374:  Called __execute_phases 'depend'
!!!                     ebuild.lib, line 252:  Called __qa_invoke 'source' '/home/mgorny/repos/dberkholz/app-pda/ipheth-pair/ipheth-pair-9999.ebuild'
!!!                     ebuild.lib, line 431:  Called __load_ebuild '/home/mgorny/repos/dberkholz/sci-biology/TMalign/TMalign-9999.ebuild'
 * 
 * "/home/mgorny/repos/dberkholz/sci-mathematics/elefant/elefant-0.4.0.ebuild":
 * Deprecation Warning: Usage of distutils.eclass in packages not supporting installation
 * for multiple Python ABIs in EAPI <=2 is deprecated.
 * The ebuild should to be fixed. Please report a bug, if it has not been already reported.
 * 
!!!                     ebuild.lib, line 252:  Called __qa_invoke 'source' '/home/mgorny/repos/dberkholz/sci-biology/TMalign/TMalign-9999.ebuild'
!!!         isolated-functions.lib, line 286:  Called source '/home/mgorny/repos/dberkholz/app-pda/ipheth-pair/ipheth-pair-9999.ebuild'

!!! ERROR: x11-drivers/nvidia-drivers-280.11 failed.
!!! die invoked from directory /home/mgorny/pkgcore-venv/lib/pkgcore
!!! Call stack:
!!!         isolated-functions.lib, line 286:  Called source '/home/mgorny/repos/dberkholz/sci-biology/TMalign/TMalign-9999.ebuild'
!!!        ipheth-pair-9999.ebuild, line   5:  Called inherit 'git' 'autotools'
!!!             ebuild-daemon.bash, line 458:  Called __ebd_exec_main 'daemonize'
!!!            TMalign-9999.ebuild, line   7:  Called inherit 'fortran'
!!!   ebuild-default-functions.lib, line 230:  Called __internal_inherit 'git'
!!!   ebuild-default-functions.lib, line 230:  Called __internal_inherit 'fortran'
 * 
 * "/home/mgorny/repos/dberkholz/sci-physics/campos-gridpaw/campos-gridpaw-0.4.2734.ebuild":
 * Deprecation Warning: Usage of distutils.eclass in packages not supporting installation
 * for multiple Python ABIs in EAPI <=2 is deprecated.
 * The ebuild should to be fixed. Please report a bug, if it has not been already reported.
 * 
!!!             ebuild-daemon.bash, line 210:  Called __ebd_main_loop
!!!              ebuild-daemon.lib, line  35:  Called die
!!! The die message:
!!!  inherit for fortran failed

!!!              ebuild-daemon.lib, line  35:  Called die
!!! The die message:
!!!  inherit for git failed


!!! ERROR: sci-biology/biskit-9999 failed.

!!! ERROR: sci-biology/ce-20040716 failed.
!!!             ebuild-daemon.bash, line 441:  Called __ebd_process_metadata '227' 'depend'
!!! die invoked from directory /home/mgorny/pkgcore-venv/lib/pkgcore
!!! Call stack:
!!! die invoked from directory /home/mgorny/pkgcore-venv/lib/pkgcore
!!! Call stack:
!!!             ebuild-daemon.bash, line 458:  Called __ebd_exec_main 'daemonize'
!!!             ebuild-daemon.bash, line 374:  Called __execute_phases 'depend'
!!!             ebuild-daemon.bash, line 458:  Called __ebd_exec_main 'daemonize'

!!! ERROR: sci-physics/abinit-5.7.3 failed.
!!! die invoked from directory /home/mgorny/pkgcore-venv/lib/pkgcore
!!! Call stack:

!!! ERROR: sci-biology/mmult-1.0 failed.
!!!                     ebuild.lib, line 431:  Called __load_ebuild '/home/mgorny/repos/dberkholz/x11-drivers/nvidia-drivers/nvidia-drivers-280.11.ebuild'
!!! die invoked from directory /home/mgorny/pkgcore-venv/lib/pkgcore
!!! Call stack:
!!!                     ebuild.lib, line 252:  Called __qa_invoke 'source' '/home/mgorny/repos/dberkholz/x11-drivers/nvidia-drivers/nvidia-drivers-280.11.ebuild'
!!!             ebuild-daemon.bash, line 210:  Called __ebd_main_loop
!!!             ebuild-daemon.bash, line 458:  Called __ebd_exec_main 'daemonize'
!!!             ebuild-daemon.bash, line 210:  Called __ebd_main_loop
!!!             ebuild-daemon.bash, line 441:  Called __ebd_process_metadata '171' 'depend'
!!!         isolated-functions.lib, line 286:  Called source '/home/mgorny/repos/dberkholz/x11-drivers/nvidia-drivers/nvidia-drivers-280.11.ebuild'
!!!             ebuild-daemon.bash, line 374:  Called __execute_phases 'depend'
!!!             ebuild-daemon.bash, line 441:  Called __ebd_process_metadata '171' 'depend'
!!!                     ebuild.lib, line 431:  Called __load_ebuild '/home/mgorny/repos/dberkholz/sci-biology/biskit/biskit-9999.ebuild'
!!!             ebuild-daemon.bash, line 374:  Called __execute_phases 'depend'
!!!             ebuild-daemon.bash, line 458:  Called __ebd_exec_main 'daemonize'
!!!                     ebuild.lib, line 252:  Called __qa_invoke 'source' '/home/mgorny/repos/dberkholz/sci-biology/biskit/biskit-9999.ebuild'
!!!             ebuild-daemon.bash, line 210:  Called __ebd_main_loop
!!!   nvidia-drivers-280.11.ebuild, line   7:  Called inherit 'eutils' 'multilib' 'versionator' 'linux-mod' 'flag-o-matic' 'nvidia-driver'
 * 
 * "/home/mgorny/repos/dberkholz/sci-physics/campos-dacapo/campos-dacapo-2.7.7.ebuild":
 * Deprecation Warning: Usage of distutils.eclass in packages not supporting installation
 * for multiple Python ABIs in EAPI <=2 is deprecated.
 * The ebuild should to be fixed. Please report a bug, if it has not been already reported.
 * 

!!! ERROR: sci-physics/campos-dacapo-2.7.7 failed.
!!!   ebuild-default-functions.lib, line 230:  Called __internal_inherit 'nvidia-driver'
!!!             ebuild-daemon.bash, line 441:  Called __ebd_process_metadata '180' 'depend'
!!! die invoked from directory /home/mgorny/pkgcore-venv/lib/pkgcore
!!!                     ebuild.lib, line 431:  Called __load_ebuild '/home/mgorny/repos/dberkholz/sci-biology/ce/ce-20040716.ebuild'
!!! Call stack:
!!!             ebuild-daemon.bash, line 210:  Called __ebd_main_loop
!!!                     ebuild.lib, line 252:  Called __qa_invoke 'source' '/home/mgorny/repos/dberkholz/sci-biology/ce/ce-20040716.ebuild'
!!!              ebuild-daemon.lib, line  30:  Called __qa_invoke 'source' '/home/mgorny/repos/gentoo/eclass/nvidia-driver.eclass'
!!!             ebuild-daemon.bash, line 374:  Called __execute_phases 'depend'
!!!             ebuild-daemon.bash, line 441:  Called __ebd_process_metadata '165' 'depend'
!!!         isolated-functions.lib, line 286:  Called source '/home/mgorny/repos/dberkholz/sci-biology/biskit/biskit-9999.ebuild'
!!!         isolated-functions.lib, line 286:  Called source '/home/mgorny/repos/dberkholz/sci-biology/ce/ce-20040716.ebuild'
!!!                     ebuild.lib, line 431:  Called __load_ebuild '/home/mgorny/repos/dberkholz/sci-physics/abinit/abinit-5.7.3.ebuild'
!!!             ebuild-daemon.bash, line 458:  Called __ebd_exec_main 'daemonize'
 * 
 * "/home/mgorny/repos/dberkholz/sci-physics/campos-ase/campos-ase-3.0.0.657.ebuild":
 * Deprecation Warning: Usage of distutils.eclass in packages not supporting installation
 * for multiple Python ABIs in EAPI <=2 is deprecated.
 * The ebuild should to be fixed. Please report a bug, if it has not been already reported.
 * 

!!! ERROR: dev-util/oprofile-0.9.3-r1 failed.
!!!             ce-20040716.ebuild, line   7:  Called inherit 'toolchain-funcs'
!!!                     ebuild.lib, line 252:  Called __qa_invoke 'source' '/home/mgorny/repos/dberkholz/sci-physics/abinit/abinit-5.7.3.ebuild'
!!!         isolated-functions.lib, line 286:  Called source '/home/mgorny/repos/gentoo/eclass/nvidia-driver.eclass'
!!!             ebuild-daemon.bash, line 374:  Called __execute_phases 'depend'
!!! die invoked from directory /home/mgorny/pkgcore-venv/lib/pkgcore
!!! Call stack:
!!!             ebuild-daemon.bash, line 210:  Called __ebd_main_loop
!!!             biskit-9999.ebuild, line   5:  Called inherit 'eutils' 'python' 'portability' 'subversion'
!!!   ebuild-default-functions.lib, line 230:  Called __internal_inherit 'toolchain-funcs'
!!!           nvidia-driver.eclass, line  16:  Called inherit 'readme.gentoo' 'versionator'
!!!         isolated-functions.lib, line 286:  Called source '/home/mgorny/repos/dberkholz/sci-physics/abinit/abinit-5.7.3.ebuild'
!!!              ebuild-daemon.lib, line  37:  Called die
!!! The die message:
!!!  unknown inherit command from pythonic side, 'gen_metadata 185' for eclass toolchain-funcs

received unknown com: export CATEGORY='sci-physics' PR=r0 PVR='3.0.0' PV='3.0.0' EBUILD='/home/mgorny/repos/dberkholz/sci-physics/octopus/octopus-3.0.0.ebuild' P='octopus-3.0.0' PF='octopus-3.0.0' PN=octopuspath
Exception in thread Thread-12:
Traceback (most recent call last):
  File "/usr/lib64/python2.7/threading.py", line 810, in __bootstrap_inner
    self.run()
  File "/usr/lib64/python2.7/threading.py", line 763, in run
    self.__target(*self.__args, **self.__kwargs)
  File "/home/mgorny/pkgcore-venv/lib/python2.7/site-packages/pkgcore/operations/regen.py", line 15, in regen_iter
    regen_func(x)
  File "/home/mgorny/pkgcore-venv/lib/python2.7/site-packages/pkgcore/ebuild/repository.py", line 521, in __call__
    return pkg._fetch_metadata(ebp=self.ebp, force_regen=self.force)
  File "/home/mgorny/pkgcore-venv/lib/python2.7/site-packages/pkgcore/ebuild/ebuild_src.py", line 269, in _fetch_metadata
    return self._parent._get_metadata(self, ebp=ebp, force_regen=force_regen)
  File "/home/mgorny/pkgcore-venv/lib/python2.7/site-packages/pkgcore/ebuild/ebuild_src.py", line 360, in _get_metadata
    return self._update_metadata(pkg, ebp=ebp)
  File "/home/mgorny/pkgcore-venv/lib/python2.7/site-packages/pkgcore/ebuild/ebuild_src.py", line 368, in _update_metadata
    mydata = my_proc.get_keys(pkg, self._ecache)
  File "/home/mgorny/pkgcore-venv/lib/python2.7/site-packages/pkgcore/ebuild/processor.py", line 827, in get_keys
    {"key": receive_key})
  File "/home/mgorny/pkgcore-venv/lib/python2.7/site-packages/pkgcore/ebuild/processor.py", line 760, in _run_depend_like_phase
    self.write("%s %i\n%s" % (command, len(data), data), append_newline=False)
  File "/home/mgorny/pkgcore-venv/lib/python2.7/site-packages/pkgcore/ebuild/processor.py", line 458, in write
    raise RuntimeError(ie)
RuntimeError: [Errno 32] Broken pipe

!!!                     ebuild.lib, line 431:  Called __load_ebuild '/home/mgorny/repos/dberkholz/sci-biology/mmult/mmult-1.0.ebuild'
!!!            abinit-5.7.3.ebuild, line   6:  Called inherit 'fortran' 'multilib' 'toolchain-funcs'

!!! ERROR: app-emulation/vmware-modules-1.0.0.15-r3 failed.
!!!             ebuild-daemon.bash, line 458:  Called __ebd_exec_main 'daemonize'
!!!   ebuild-default-functions.lib, line 230:  Called __internal_inherit 'eutils'
!!!   ebuild-default-functions.lib, line 230:  Called __internal_inherit 'readme.gentoo'
!!!             ebuild-daemon.bash, line 441:  Called __ebd_process_metadata '217' 'depend'
!!!              ebuild-daemon.lib, line  37:  Called die
!!! The die message:
!!!  unknown inherit command from pythonic side, 'gen_metadata 251' for eclass eutils

received unknown com: export CATEGORY='app-emulation' PR=r0 PVR='4.2.12' PV='4.2.12' EBUILD='/home/mgorny/repos/dberkholz/app-emulation/virtualbox-modules/virtualbox-modules-4.2.12.ebuild' P='virtualbox-modules-4.2.12' PF='virtualbox-modules-4.2.12' PN='virtualbox-modules'path
!!! die invoked from directory /home/mgorny/pkgcore-venv/lib/pkgcore
!!! Call stack:
Exception in thread Thread-1:
Traceback (most recent call last):
  File "/usr/lib64/python2.7/threading.py", line 810, in __bootstrap_inner
    self.run()
  File "/usr/lib64/python2.7/threading.py", line 763, in run
    self.__target(*self.__args, **self.__kwargs)
  File "/home/mgorny/pkgcore-venv/lib/python2.7/site-packages/pkgcore/operations/regen.py", line 15, in regen_iter
    regen_func(x)
  File "/home/mgorny/pkgcore-venv/lib/python2.7/site-packages/pkgcore/ebuild/repository.py", line 521, in __call__
    return pkg._fetch_metadata(ebp=self.ebp, force_regen=self.force)
  File "/home/mgorny/pkgcore-venv/lib/python2.7/site-packages/pkgcore/ebuild/ebuild_src.py", line 269, in _fetch_metadata
    return self._parent._get_metadata(self, ebp=ebp, force_regen=force_regen)
  File "/home/mgorny/pkgcore-venv/lib/python2.7/site-packages/pkgcore/ebuild/ebuild_src.py", line 360, in _get_metadata
    return self._update_metadata(pkg, ebp=ebp)
  File "/home/mgorny/pkgcore-venv/lib/python2.7/site-packages/pkgcore/ebuild/ebuild_src.py", line 368, in _update_metadata
    mydata = my_proc.get_keys(pkg, self._ecache)
  File "/home/mgorny/pkgcore-venv/lib/python2.7/site-packages/pkgcore/ebuild/processor.py", line 827, in get_keys
    {"key": receive_key})
  File "/home/mgorny/pkgcore-venv/lib/python2.7/site-packages/pkgcore/ebuild/processor.py", line 760, in _run_depend_like_phase
    self.write("%s %i\n%s" % (command, len(data), data), append_newline=False)
  File "/home/mgorny/pkgcore-venv/lib/python2.7/site-packages/pkgcore/ebuild/processor.py", line 458, in write
    raise RuntimeError(ie)
RuntimeError: [Errno 32] Broken pipe

!!!   ebuild-default-functions.lib, line 230:  Called __internal_inherit 'fortran'
!!!              ebuild-daemon.lib, line  35:  Called die
!!! The die message:
!!!  inherit for fortran failed


!!! ERROR: app-emulation/xen-3.2.1 failed.
!!!             ebuild-daemon.bash, line 210:  Called __ebd_main_loop
!!!                     ebuild.lib, line 252:  Called __qa_invoke 'source' '/home/mgorny/repos/dberkholz/sci-biology/mmult/mmult-1.0.ebuild'
!!!              ebuild-daemon.lib, line  30:  Called __qa_invoke 'source' '/home/mgorny/repos/gentoo/eclass/readme.gentoo.eclass'
!!!             ebuild-daemon.bash, line 374:  Called __execute_phases 'depend'
!!!                  ebuild-daemon.bash, line 458:  Called __ebd_exec_main 'daemonize'
!!!             ebuild-daemon.bash, line 441:  Called __ebd_process_metadata '193' 'depend'
!!!                     ebuild.lib, line 431:  Called __load_ebuild '/home/mgorny/repos/dberkholz/sci-physics/campos-dacapo/campos-dacapo-2.7.7.ebuild'
!!!         isolated-functions.lib, line 286:  Called source '/home/mgorny/repos/dberkholz/sci-biology/mmult/mmult-1.0.ebuild'
!!! die invoked from directory /home/mgorny/pkgcore-venv/lib/pkgcore
!!! Call stack:
!!!         isolated-functions.lib, line 286:  Called source '/home/mgorny/repos/gentoo/eclass/readme.gentoo.eclass'
!!!               mmult-1.0.ebuild, line   5:  Called inherit 'autotools' 'eutils' 'fortran'
!!!             ebuild-daemon.bash, line 374:  Called __execute_phases 'depend'
!!!                  ebuild-daemon.bash, line 210:  Called __ebd_main_loop
!!!                     ebuild.lib, line 252:  Called __qa_invoke 'source' '/home/mgorny/repos/dberkholz/sci-physics/campos-dacapo/campos-dacapo-2.7.7.ebuild'
!!!           readme.gentoo.eclass, line  25:  Called die
!!! The die message:
!!!  Unsupported EAPI=2 (too old) for readme.gentoo

!!!   ebuild-default-functions.lib, line 230:  Called __internal_inherit 'fortran'
!!!             ebuild-daemon.bash, line 458:  Called __ebd_exec_main 'daemonize'
!!!                  ebuild-daemon.bash, line 441:  Called __ebd_process_metadata '250' 'depend'
!!!                     ebuild.lib, line 431:  Called __load_ebuild '/home/mgorny/repos/dberkholz/dev-util/oprofile/oprofile-0.9.3-r1.ebuild'
!!!              ebuild-daemon.lib, line  35:  Called die
!!! The die message:
!!!  inherit for fortran failed

!!!                  ebuild-daemon.bash, line 374:  Called __execute_phases 'depend'

!!! ERROR: app-misc/labyrinth-0.4.1 failed.
!!!                          ebuild.lib, line 431:  Called __load_ebuild '/home/mgorny/repos/dberkholz/app-emulation/vmware-modules/vmware-modules-1.0.0.15-r3.ebuild'
!!!         isolated-functions.lib, line 286:  Called source '/home/mgorny/repos/dberkholz/sci-physics/campos-dacapo/campos-dacapo-2.7.7.ebuild'
!!!             ebuild-daemon.bash, line 210:  Called __ebd_main_loop

!!! ERROR: dev-util/adobe-air-sdk-bin-1.5.3 failed.
!!! die invoked from directory /home/mgorny/pkgcore-venv/lib/pkgcore
!!! Call stack:
!!! die invoked from directory /home/mgorny/pkgcore-venv/lib/pkgcore
!!! Call stack:
!!!             ebuild-daemon.bash, line 458:  Called __ebd_exec_main 'daemonize'

!!! ERROR: net-wireless/iw-9999 failed.
!!!               ebuild-daemon.bash, line 458:  Called __ebd_exec_main 'daemonize'
!!!                     ebuild.lib, line 252:  Called __qa_invoke 'source' '/home/mgorny/repos/dberkholz/dev-util/oprofile/oprofile-0.9.3-r1.ebuild'
!!!                          ebuild.lib, line 252:  Called __qa_invoke 'source' '/home/mgorny/repos/dberkholz/app-emulation/vmware-modules/vmware-modules-1.0.0.15-r3.ebuild'
!!!         isolated-functions.lib, line 286:  Called source '/home/mgorny/repos/dberkholz/dev-util/oprofile/oprofile-0.9.3-r1.ebuild'
!!!     campos-dacapo-2.7.7.ebuild, line   5:  Called inherit 'distutils' 'fortran' 'multilib'

!!! ERROR: sci-physics/exciting-0.9.74 failed.
!!! die invoked from directory /home/mgorny/pkgcore-venv/lib/pkgcore
!!! Call stack:
!!!             ebuild-daemon.bash, line 441:  Called __ebd_process_metadata '169' 'depend'
!!!               ebuild-daemon.bash, line 210:  Called __ebd_main_loop
!!! die invoked from directory /home/mgorny/pkgcore-venv/lib/pkgcore
!!! Call stack:
!!!             ebuild-daemon.bash, line 374:  Called __execute_phases 'depend'
!!!             ebuild-daemon.bash, line 210:  Called __ebd_main_loop
!!!              isolated-functions.lib, line 286:  Called source '/home/mgorny/repos/dberkholz/app-emulation/vmware-modules/vmware-modules-1.0.0.15-r3.ebuild'
!!!   ebuild-default-functions.lib, line 230:  Called __internal_inherit 'fortran'
!!!              ebuild-daemon.lib, line  35:  Called die
!!! The die message:
!!!  inherit for fortran failed

!!!               ebuild-daemon.bash, line 441:  Called __ebd_process_metadata '231' 'depend'
!!!                     ebuild.lib, line 431:  Called __load_ebuild '/home/mgorny/repos/dberkholz/app-emulation/xen/xen-3.2.1.ebuild'
!!!       oprofile-0.9.3-r1.ebuild, line   5:  Called inherit 'eutils' 'qt3' 'linux-info'
!!!             ebuild-daemon.bash, line 458:  Called __ebd_exec_main 'daemonize'

!!! ERROR: dev-util/rstudio-bin-0.96.316 failed.
!!!                     ebuild.lib, line 252:  Called __qa_invoke 'source' '/home/mgorny/repos/dberkholz/app-emulation/xen/xen-3.2.1.ebuild'
!!!             ebuild-daemon.bash, line 458:  Called __ebd_exec_main 'daemonize'
!!! die invoked from directory /home/mgorny/pkgcore-venv/lib/pkgcore
!!! Call stack:
!!!               ebuild-daemon.bash, line 374:  Called __execute_phases 'depend'
!!!   ebuild-default-functions.lib, line 230:  Called __internal_inherit 'qt3'
!!!              ebuild-daemon.lib, line  35:  Called die
!!! The die message:
!!!  inherit for qt3 failed

!!!   vmware-modules-1.0.0.15-r3.ebuild, line   9:  Called inherit 'vmware-mod'

!!! ERROR: sys-boot/grub-9999 failed.
!!!             ebuild-daemon.bash, line 210:  Called __ebd_main_loop
!!!        ebuild-default-functions.lib, line 230:  Called __internal_inherit 'vmware-mod'
!!! die invoked from directory /home/mgorny/pkgcore-venv/lib/pkgcore
!!! Call stack:
!!!         isolated-functions.lib, line 286:  Called source '/home/mgorny/repos/dberkholz/app-emulation/xen/xen-3.2.1.ebuild'
!!!             ebuild-daemon.bash, line 458:  Called __ebd_exec_main 'daemonize'
!!!                       ebuild.lib, line 431:  Called __load_ebuild '/home/mgorny/repos/dberkholz/dev-util/adobe-air-sdk-bin/adobe-air-sdk-bin-1.5.3.ebuild'
!!!                   ebuild-daemon.lib, line  35:  Called die
!!! The die message:
!!!  inherit for vmware-mod failed

!!!             ebuild-daemon.bash, line 441:  Called __ebd_process_metadata '189' 'depend'
!!!             ebuild-daemon.bash, line 441:  Called __ebd_process_metadata '195' 'depend'
!!!             ebuild-daemon.bash, line 210:  Called __ebd_main_loop
!!!                       ebuild.lib, line 252:  Called __qa_invoke 'source' '/home/mgorny/repos/dberkholz/dev-util/adobe-air-sdk-bin/adobe-air-sdk-bin-1.5.3.ebuild'
!!!             ebuild-daemon.bash, line 458:  Called __ebd_exec_main 'daemonize'
!!!           isolated-functions.lib, line 286:  Called source '/home/mgorny/repos/dberkholz/dev-util/adobe-air-sdk-bin/adobe-air-sdk-bin-1.5.3.ebuild'
!!!             ebuild-daemon.bash, line 374:  Called __execute_phases 'depend'
!!!               xen-3.2.1.ebuild, line   5:  Called inherit 'mount-boot' 'flag-o-matic' 'eutils'
!!!             ebuild-daemon.bash, line 210:  Called __ebd_main_loop
!!!   adobe-air-sdk-bin-1.5.3.ebuild, line   7:  Called inherit 'eutils' 'fdo-mime' 'multilib'
!!!             ebuild-daemon.bash, line 441:  Called __ebd_process_metadata '216' 'depend'
!!!                     ebuild.lib, line 431:  Called __load_ebuild '/home/mgorny/repos/dberkholz/app-misc/labyrinth/labyrinth-0.4.1.ebuild'
!!!     ebuild-default-functions.lib, line 230:  Called __internal_inherit 'fdo-mime'

!!! ERROR: sci-libs/etsf_io-1.0.2 failed.
!!!                ebuild-daemon.lib, line  37:  Called die
!!! The die message:
!!!  unknown inherit command from pythonic side, 'gen_metadata 194' for eclass fdo-mime

!!!             ebuild-daemon.bash, line 374:  Called __execute_phases 'depend'
received unknown com: export CATEGORY='app-laptop' PR=r3 PVR='0.40-r3' PV='0.40' EBUILD='/home/mgorny/repos/dberkholz/app-laptop/tp_smapi/tp_smapi-0.40-r3.ebuild' P='tp_smapi-0.40' PF='tp_smapi-0.40-r3' PN='tp_smapi'path
!!! die invoked from directory /home/mgorny/pkgcore-venv/lib/pkgcore
!!! Call stack:
!!!             ebuild-daemon.bash, line 374:  Called __execute_phases 'depend'
Exception in thread Thread-8:
Traceback (most recent call last):
  File "/usr/lib64/python2.7/threading.py", line 810, in __bootstrap_inner
    self.run()
  File "/usr/lib64/python2.7/threading.py", line 763, in run
    self.__target(*self.__args, **self.__kwargs)
  File "/home/mgorny/pkgcore-venv/lib/python2.7/site-packages/pkgcore/operations/regen.py", line 15, in regen_iter
    regen_func(x)
  File "/home/mgorny/pkgcore-venv/lib/python2.7/site-packages/pkgcore/ebuild/repository.py", line 521, in __call__
    return pkg._fetch_metadata(ebp=self.ebp, force_regen=self.force)
  File "/home/mgorny/pkgcore-venv/lib/python2.7/site-packages/pkgcore/ebuild/ebuild_src.py", line 269, in _fetch_metadata
    return self._parent._get_metadata(self, ebp=ebp, force_regen=force_regen)
  File "/home/mgorny/pkgcore-venv/lib/python2.7/site-packages/pkgcore/ebuild/ebuild_src.py", line 360, in _get_metadata
    return self._update_metadata(pkg, ebp=ebp)
  File "/home/mgorny/pkgcore-venv/lib/python2.7/site-packages/pkgcore/ebuild/ebuild_src.py", line 368, in _update_metadata
    mydata = my_proc.get_keys(pkg, self._ecache)
  File "/home/mgorny/pkgcore-venv/lib/python2.7/site-packages/pkgcore/ebuild/processor.py", line 827, in get_keys
    {"key": receive_key})
  File "/home/mgorny/pkgcore-venv/lib/python2.7/site-packages/pkgcore/ebuild/processor.py", line 760, in _run_depend_like_phase
    self.write("%s %i\n%s" % (command, len(data), data), append_newline=False)
  File "/home/mgorny/pkgcore-venv/lib/python2.7/site-packages/pkgcore/ebuild/processor.py", line 458, in write
    raise RuntimeError(ie)
RuntimeError: [Errno 32] Broken pipe

!!!             ebuild-daemon.bash, line 441:  Called __ebd_process_metadata '153' 'depend'
!!!             ebuild-daemon.bash, line 374:  Called __execute_phases 'depend'
!!!   ebuild-default-functions.lib, line 230:  Called __internal_inherit 'mount-boot'
!!!                     ebuild.lib, line 431:  Called __load_ebuild '/home/mgorny/repos/dberkholz/sci-physics/exciting/exciting-0.9.74.ebuild'
!!!              ebuild-daemon.lib, line  37:  Called die
!!! The die message:
!!!  unknown inherit command from pythonic side, 'gen_metadata 180' for eclass mount-boot

received unknown com: export CATEGORY='app-misc' PR=r0 PVR=9999 PV=9999 EBUILD='/home/mgorny/repos/dberkholz/app-misc/labyrinth/labyrinth-9999.ebuild' P='labyrinth-9999' PF='labyrinth-9999' PN=labyrinthpath
!!!                     ebuild.lib, line 252:  Called __qa_invoke 'source' '/home/mgorny/repos/dberkholz/app-misc/labyrinth/labyrinth-0.4.1.ebuild'
Exception in thread Thread-6:
Traceback (most recent call last):
  File "/usr/lib64/python2.7/threading.py", line 810, in __bootstrap_inner
    self.run()
  File "/usr/lib64/python2.7/threading.py", line 763, in run
    self.__target(*self.__args, **self.__kwargs)
  File "/home/mgorny/pkgcore-venv/lib/python2.7/site-packages/pkgcore/operations/regen.py", line 15, in regen_iter
    regen_func(x)
  File "/home/mgorny/pkgcore-venv/lib/python2.7/site-packages/pkgcore/ebuild/repository.py", line 521, in __call__
    return pkg._fetch_metadata(ebp=self.ebp, force_regen=self.force)
  File "/home/mgorny/pkgcore-venv/lib/python2.7/site-packages/pkgcore/ebuild/ebuild_src.py", line 269, in _fetch_metadata
    return self._parent._get_metadata(self, ebp=ebp, force_regen=force_regen)
  File "/home/mgorny/pkgcore-venv/lib/python2.7/site-packages/pkgcore/ebuild/ebuild_src.py", line 360, in _get_metadata
    return self._update_metadata(pkg, ebp=ebp)
  File "/home/mgorny/pkgcore-venv/lib/python2.7/site-packages/pkgcore/ebuild/ebuild_src.py", line 368, in _update_metadata
    mydata = my_proc.get_keys(pkg, self._ecache)
  File "/home/mgorny/pkgcore-venv/lib/python2.7/site-packages/pkgcore/ebuild/processor.py", line 827, in get_keys
    {"key": receive_key})
  File "/home/mgorny/pkgcore-venv/lib/python2.7/site-packages/pkgcore/ebuild/processor.py", line 760, in _run_depend_like_phase
    self.write("%s %i\n%s" % (command, len(data), data), append_newline=False)
  File "/home/mgorny/pkgcore-venv/lib/python2.7/site-packages/pkgcore/ebuild/processor.py", line 458, in write
    raise RuntimeError(ie)
RuntimeError: [Errno 32] Broken pipe

!!!             ebuild-daemon.bash, line 210:  Called __ebd_main_loop
!!!                     ebuild.lib, line 431:  Called __load_ebuild '/home/mgorny/repos/dberkholz/dev-util/rstudio-bin/rstudio-bin-0.96.316.ebuild'
!!!         isolated-functions.lib, line 286:  Called source '/home/mgorny/repos/dberkholz/app-misc/labyrinth/labyrinth-0.4.1.ebuild'
!!!                     ebuild.lib, line 431:  Called __load_ebuild '/home/mgorny/repos/dberkholz/net-wireless/iw/iw-9999.ebuild'

!!! ERROR: sci-libs/mmtk-2.5.23 failed.
!!! die invoked from directory /home/mgorny/pkgcore-venv/lib/pkgcore
!!! Call stack:
!!!             ebuild-daemon.bash, line 458:  Called __ebd_exec_main 'daemonize'
!!!             ebuild-daemon.bash, line 458:  Called __ebd_exec_main 'daemonize'
!!!             ebuild-daemon.bash, line 210:  Called __ebd_main_loop
!!!                     ebuild.lib, line 252:  Called __qa_invoke 'source' '/home/mgorny/repos/dberkholz/dev-util/rstudio-bin/rstudio-bin-0.96.316.ebuild'
!!!                     ebuild.lib, line 252:  Called __qa_invoke 'source' '/home/mgorny/repos/dberkholz/sci-physics/exciting/exciting-0.9.74.ebuild'
!!!             ebuild-daemon.bash, line 441:  Called __ebd_process_metadata '181' 'depend'
!!!             ebuild-daemon.bash, line 210:  Called __ebd_main_loop
!!!         isolated-functions.lib, line 286:  Called source '/home/mgorny/repos/dberkholz/sci-physics/exciting/exciting-0.9.74.ebuild'
!!!             ebuild-daemon.bash, line 441:  Called __ebd_process_metadata '169' 'depend'
!!!             ebuild-daemon.bash, line 374:  Called __execute_phases 'depend'
!!!             ebuild-daemon.bash, line 441:  Called __ebd_process_metadata '155' 'depend'
!!!         exciting-0.9.74.ebuild, line   5:  Called inherit 'fortran'
!!!             ebuild-daemon.bash, line 374:  Called __execute_phases 'depend'
!!!                     ebuild.lib, line 431:  Called __load_ebuild '/home/mgorny/repos/dberkholz/sci-libs/etsf_io/etsf_io-1.0.2.ebuild'
!!!         labyrinth-0.4.1.ebuild, line   5:  Called inherit 'gnome2'
!!!                     ebuild.lib, line 252:  Called __qa_invoke 'source' '/home/mgorny/repos/dberkholz/net-wireless/iw/iw-9999.ebuild'
!!!             ebuild-daemon.bash, line 374:  Called __execute_phases 'depend'
!!!                     ebuild.lib, line 252:  Called __qa_invoke 'source' '/home/mgorny/repos/dberkholz/sci-libs/etsf_io/etsf_io-1.0.2.ebuild'
!!!   ebuild-default-functions.lib, line 230:  Called __internal_inherit 'fortran'
!!!                     ebuild.lib, line 431:  Called __load_ebuild '/home/mgorny/repos/dberkholz/sys-boot/grub/grub-9999.ebuild'
!!!         isolated-functions.lib, line 286:  Called source '/home/mgorny/repos/dberkholz/sci-libs/etsf_io/etsf_io-1.0.2.ebuild'
!!!              ebuild-daemon.lib, line  35:  Called die
!!! The die message:
!!!  inherit for fortran failed

!!!         isolated-functions.lib, line 286:  Called source '/home/mgorny/repos/dberkholz/dev-util/rstudio-bin/rstudio-bin-0.96.316.ebuild'
!!!                     ebuild.lib, line 431:  Called __load_ebuild '/home/mgorny/repos/dberkholz/sci-libs/mmtk/mmtk-2.5.23.ebuild'
!!!   ebuild-default-functions.lib, line 230:  Called __internal_inherit 'gnome2'

!!! ERROR: sci-libs/bigdft-1.2.0 failed.
!!!              ebuild-daemon.lib, line  30:  Called __qa_invoke 'source' '/home/mgorny/repos/gentoo/eclass/gnome2.eclass'
!!!                     ebuild.lib, line 252:  Called __qa_invoke 'source' '/home/mgorny/repos/dberkholz/sys-boot/grub/grub-9999.ebuild'
!!!           etsf_io-1.0.2.ebuild, line   6:  Called inherit 'autotools' 'eutils' 'fortran' 'flag-o-matic' 'multilib'
!!!         isolated-functions.lib, line 286:  Called source '/home/mgorny/repos/gentoo/eclass/gnome2.eclass'
!!! die invoked from directory /home/mgorny/pkgcore-venv/lib/pkgcore
!!! Call stack:
!!!                  gnome2.eclass, line  19:  Called die
!!! The die message:
!!!  EAPI= is not supported

!!! caught exception inherit requires an unknown eclass, git cannot be found while processing ebuild src: app-pda/ipheth-pair-9999
!!! caught exception inherit requires an unknown eclass, fortran cannot be found while processing ebuild src: sci-biology/TMalign-9999
ERROR pkgcore: returned val from gen_metadata was 'False'
!!! caught exception False while processing ebuild src: sci-biology/ce-20040716
ERROR pkgcore: returned val from gen_metadata was 'False'
!!! caught exception False while processing ebuild src: sci-biology/biskit-9999
!!! caught exception inherit requires an unknown eclass, fortran cannot be found while processing ebuild src: sci-physics/abinit-5.7.3
!!! caught exception inherit requires an unknown eclass, fortran cannot be found while processing ebuild src: sci-biology/mmult-1.0
!!! caught exception inherit requires an unknown eclass, fortran cannot be found while processing ebuild src: sci-physics/campos-dacapo-2.7.7
!!! caught exception inherit requires an unknown eclass, qt3 cannot be found while processing ebuild src: dev-util/oprofile-0.9.3-r1
!!! caught exception inherit requires an unknown eclass, vmware-mod cannot be found while processing ebuild src: app-emulation/vmware-modules-1.0.0.15-r3
ERROR pkgcore: returned val from gen_metadata was 'False'
!!! caught exception False while processing ebuild src: sci-physics/octopus-3.0.0
!!! caught exception ("Expected command; instead got nothing from ''", None) while processing ebuild src: app-admin/collectd-4.4.1
ERROR pkgcore: returned val from gen_metadata was 'False'
!!! caught exception False while processing ebuild src: app-emulation/virtualbox-modules-4.2.12
!!! caught exception ("Expected command; instead got nothing from ''", None) while processing ebuild src: app-misc/gcalcli-1.2
ERROR pkgcore: returned val from gen_metadata was 'False'
!!! caught exception False while processing ebuild src: app-emulation/xen-3.2.1
ERROR pkgcore: returned val from gen_metadata was 'False'
!!! caught exception False while processing ebuild src: x11-drivers/nvidia-drivers-280.11
ERROR pkgcore: returned val from gen_metadata was 'False'
!!! caught exception False while processing ebuild src: dev-util/adobe-air-sdk-bin-1.5.3
!!! caught exception inherit requires an unknown eclass, fortran cannot be found while processing ebuild src: sci-physics/exciting-0.9.74
!!! caught exception inherit requires an unknown eclass, git cannot be found while processing ebuild src: net-wireless/iw-9999
ERROR pkgcore: returned val from gen_metadata was 'False'
!!! caught exception False while processing ebuild src: dev-util/rstudio-bin-0.96.316
ERROR pkgcore: returned val from gen_metadata was 'False'
!!! caught exception False while processing ebuild src: sys-boot/grub-9999
ERROR pkgcore: returned val from gen_metadata was 'False'
!!! caught exception False while processing ebuild src: dev-lang/sunstudio-12_p200709
!!! caught exception inherit requires an unknown eclass, fortran cannot be found while processing ebuild src: sci-libs/etsf_io-1.0.2
ERROR pkgcore: returned val from gen_metadata was 'False'
!!! caught exception False while processing ebuild src: app-laptop/tp_smapi-0.40-r3
!!! caught exception ("Expected command; instead got nothing from ''", None) while processing ebuild src: sci-libs/pymmlib-1.2.0
ERROR pkgcore: returned val from gen_metadata was 'False'
!!! caught exception False while processing ebuild src: app-misc/labyrinth-9999
!!! caught exception ("Expected command; instead got nothing from ''", None) while processing ebuild src: sci-libs/starparse-9999_pre09
ERROR pkgcore: returned val from gen_metadata was 'False'
!!! caught exception False while processing ebuild src: sci-libs/bigdft-1.2.0
!!! caught exception inherit requires an unknown eclass, fortran cannot be found while processing ebuild src: net-misc/ntp-4.2.2_p3
!!! caught exception inherit requires an unknown eclass, git cannot be found while processing ebuild src: www-apps/trac-git-9999
ERROR pkgcore: returned val from gen_metadata was 'False'
!!! caught exception False while processing ebuild src!!!         isolated-functions.lib, line 286:  Called source '/home/mgorny/repos/dberkholz/net-wireless/iw/iw-9999.ebuild'

!!! ERROR: www-apps/trac-git-9999 failed.
!!!         isolated-functions.lib, line 286:  Called source '/home/mgorny/repos/dberkholz/sys-boot/grub/grub-9999.ebuild'
!!! die invoked from directory /home/mgorny/pkgcore-venv/lib/pkgcore
!!! Call stack:
!!!   ebuild-default-functions.lib, line 230:  Called __internal_inherit 'fortran'
!!!             ebuild-daemon.bash, line 458:  Called __ebd_exec_main 'daemonize'
!!!              ebuild-daemon.lib, line  35:  Called die
!!! The die message:
!!!  inherit for fortran failed

!!!               grub-9999.ebuild, line   8:  Called inherit 'mount-boot' 'eutils' 'flag-o-matic' 'toolchain-funcs' 'subversion' 'autotools'
!!!    rstudio-bin-0.96.316.ebuild, line   7:  Called inherit 'eutils' 'rpm'
!!!                     ebuild.lib, line 252:  Called __qa_invoke 'source' '/home/mgorny/repos/dberkholz/sci-libs/mmtk/mmtk-2.5.23.ebuild'
!!!                 iw-9999.ebuild, line   7:  Called inherit 'git' 'toolchain-funcs' 'linux-info'
!!!   ebuild-default-functions.lib, line 230:  Called __internal_inherit 'mount-boot'
!!!             ebuild-daemon.bash, line 210:  Called __ebd_main_loop
!!!             ebuild-daemon.bash, line 458:  Called __ebd_exec_main 'daemonize'
!!!              ebuild-daemon.lib, line  37:  Called die
!!! The die message:
!!!  unknown inherit command from pythonic side, 'gen_metadata 159' for eclass mount-boot

received unknown com: export CATEGORY='sci-libs' PR=r0 PVR='0.9' PV='0.9' EBUILD='/home/mgorny/repos/dberkholz/sci-libs/libxc/libxc-0.9.ebuild' P='libxc-0.9' PF='libxc-0.9' PN=libxcpath
Exception in thread Thread-13:
Traceback (most recent call last):
  File "/usr/lib64/python2.7/threading.py", line 810, in __bootstrap_inner
    self.run()
  File "/usr/lib64/python2.7/threading.py", line 763, in run
    self.__target(*self.__args, **self.__kwargs)
  File "/home/mgorny/pkgcore-venv/lib/python2.7/site-packages/pkgcore/operations/regen.py", line 15, in regen_iter
    regen_func(x)
  File "/home/mgorny/pkgcore-venv/lib/python2.7/site-packages/pkgcore/ebuild/repository.py", line 521, in __call__
    return pkg._fetch_metadata(ebp=self.ebp, force_regen=self.force)
  File "/home/mgorny/pkgcore-venv/lib/python2.7/site-packages/pkgcore/ebuild/ebuild_src.py", line 269, in _fetch_metadata
    return self._parent._get_metadata(self, ebp=ebp, force_regen=force_regen)
  File "/home/mgorny/pkgcore-venv/lib/python2.7/site-packages/pkgcore/ebuild/ebuild_src.py", line 360, in _get_metadata
    return self._update_metadata(pkg, ebp=ebp)
  File "/home/mgorny/pkgcore-venv/lib/python2.7/site-packages/pkgcore/ebuild/ebuild_src.py", line 368, in _update_metadata
    mydata = my_proc.get_keys(pkg, self._ecache)
  File "/home/mgorny/pkgcore-venv/lib/python2.7/site-packages/pkgcore/ebuild/processor.py", line 827, in get_keys
    {"key": receive_key})
  File "/home/mgorny/pkgcore-venv/lib/python2.7/site-packages/pkgcore/ebuild/processor.py", line 760, in _run_depend_like_phase
    self.write("%s %i\n%s" % (command, len(data), data), append_newline=False)
  File "/home/mgorny/pkgcore-venv/lib/python2.7/site-packages/pkgcore/ebuild/processor.py", line 458, in write
    raise RuntimeError(ie)
RuntimeError: [Errno 32] Broken pipe

!!!         isolated-functions.lib, line 286:  Called source '/home/mgorny/repos/dberkholz/sci-libs/mmtk/mmtk-2.5.23.ebuild'
!!!   ebuild-default-functions.lib, line 230:  Called __internal_inherit 'git'
!!!             ebuild-daemon.bash, line 441:  Called __ebd_process_metadata '174' 'depend'
 * 
 * "/home/mgorny/repos/dberkholz/sci-libs/pgd-utils/pgd-utils-0.4.2.ebuild":
 * Deprecation Warning: Usage of distutils.eclass in packages not supporting installation
 * for multiple Python ABIs in EAPI <=2 is deprecated.
 * The ebuild should to be fixed. Please report a bug, if it has not been already reported.
 * 
!!!   ebuild-default-functions.lib, line 230:  Called __internal_inherit 'eutils'
!!!             ebuild-daemon.bash, line 210:  Called __ebd_main_loop
!!!              ebuild-daemon.lib, line  35:  Called die
!!! The die message:
!!!  inherit for git failed

!!!              ebuild-daemon.lib, line  37:  Called die
!!! The die message:
!!!  unknown inherit command from pythonic side, 'gen_metadata 159' for eclass eutils

received unknown com: export CATEGORY='sci-libs' PR=r0 PVR='4.0.3' PV='4.0.3' EBUILD='/home/mgorny/repos/dberkholz/sci-libs/fox/fox-4.0.3.ebuild' P='fox-4.0.3' PF='fox-4.0.3' PN=foxpath
Exception in thread Thread-16:
Traceback (most recent call last):
  File "/usr/lib64/python2.7/threading.py", line 810, in __bootstrap_inner
    self.run()
  File "/usr/lib64/python2.7/threading.py", line 763, in run
    self.__target(*self.__args, **self.__kwargs)
  File "/home/mgorny/pkgcore-venv/lib/python2.7/site-packages/pkgcore/operations/regen.py", line 15, in regen_iter
    regen_func(x)
  File "/home/mgorny/pkgcore-venv/lib/python2.7/site-packages/pkgcore/ebuild/repository.py", line 521, in __call__
    return pkg._fetch_metadata(ebp=self.ebp, force_regen=self.force)
  File "/home/mgorny/pkgcore-venv/lib/python2.7/site-packages/pkgcore/ebuild/ebuild_src.py", line 269, in _fetch_metadata
    return self._parent._get_metadata(self, ebp=ebp, force_regen=force_regen)
  File "/home/mgorny/pkgcore-venv/lib/python2.7/site-packages/pkgcore/ebuild/ebuild_src.py", line 360, in _get_metadata
    return self._update_metadata(pkg, ebp=ebp)
  File "/home/mgorny/pkgcore-venv/lib/python2.7/site-packages/pkgcore/ebuild/ebuild_src.py", line 368, in _update_metadata
    mydata = my_proc.get_keys(pkg, self._ecache)
  File "/home/mgorny/pkgcore-venv/lib/python2.7/site-packages/pkgcore/ebuild/processor.py", line 827, in get_keys
    {"key": receive_key})
  File "/home/mgorny/pkgcore-venv/lib/python2.7/site-packages/pkgcore/ebuild/processor.py", line 760, in _run_depend_like_phase
    self.write("%s %i\n%s" % (command, len(data), data), append_newline=False)
  File "/home/mgorny/pkgcore-venv/lib/python2.7/site-packages/pkgcore/ebuild/processor.py", line 458, in write
    raise RuntimeError(ie)
RuntimeError: [Errno 32] Broken pipe

!!!             ebuild-daemon.bash, line 374:  Called __execute_phases 'depend'
!!!             mmtk-2.5.23.ebuild, line   8:  Called inherit 'distutils'
!!!             ebuild-daemon.bash, line 441:  Called __ebd_process_metadata '177' 'depend'
 * 
 * "/home/mgorny/repos/dberkholz/sci-libs/pymc/pymc-2.0.ebuild":
 * Deprecation Warning: Usage of distutils.eclass in packages not supporting installation
 * for multiple Python ABIs in EAPI <=2 is deprecated.
 * The ebuild should to be fixed. Please report a bug, if it has not been already reported.
 * 
!!!                     ebuild.lib, line 431:  Called __load_ebuild '/home/mgorny/repos/dberkholz/sci-libs/bigdft/bigdft-1.2.0.ebuild'
!!!             ebuild-daemon.bash, line 374:  Called __execute_phases 'depend'
!!!   ebuild-default-functions.lib, line 230:  Called __internal_inherit 'distutils'
!!!                     ebuild.lib, line 431:  Called __load_ebuild '/home/mgorny/repos/dberkholz/www-apps/trac-git/trac-git-9999.ebuild'
!!!              ebuild-daemon.lib, line  37:  Called die
!!! The die message:
!!!  unknown inherit command from pythonic side, 'gen_metadata 179' for eclass distutils

received unknown com: export CATEGORY='sci-libs' PR=r0 PVR='1.1' PV='1.1' EBUILD='/home/mgorny/repos/dberkholz/sci-libs/wannier90/wannier90-1.1.ebuild' P='wannier90-1.1' PF='wannier90-1.1' PN=wannier90path
Exception in thread Thread-2:
Traceback (most recent call last):
  File "/usr/lib64/python2.7/threading.py", line 810, in __bootstrap_inner
    self.run()
  File "/usr/lib64/python2.7/threading.py", line 763, in run
    self.__target(*self.__args, **self.__kwargs)
  File "/home/mgorny/pkgcore-venv/lib/python2.7/site-packages/pkgcore/operations/regen.py", line 15, in regen_iter
    regen_func(x)
  File "/home/mgorny/pkgcore-venv/lib/python2.7/site-packages/pkgcore/ebuild/repository.py", line 521, in __call__
    return pkg._fetch_metadata(ebp=self.ebp, force_regen=self.force)
  File "/home/mgorny/pkgcore-venv/lib/python2.7/site-packages/pkgcore/ebuild/ebuild_src.py", line 269, in _fetch_metadata
    return self._parent._get_metadata(self, ebp=ebp, force_regen=force_regen)
  File "/home/mgorny/pkgcore-venv/lib/python2.7/site-packages/pkgcore/ebuild/ebuild_src.py", line 360, in _get_metadata
    return self._update_metadata(pkg, ebp=ebp)
  File "/home/mgorny/pkgcore-venv/lib/python2.7/site-packages/pkgcore/ebuild/ebuild_src.py", line 368, in _update_metadata
    mydata = my_proc.get_keys(pkg, self._ecache)
  File "/home/mgorny/pkgcore-venv/lib/python2.7/site-packages/pkgcore/ebuild/processor.py", line 827, in get_keys
    {"key": receive_key})
  File "/home/mgorny/pkgcore-venv/lib/python2.7/site-packages/pkgcore/ebuild/processor.py", line 760, in _run_depend_like_phase
    self.write("%s %i\n%s" % (command, len(data), data), append_newline=False)
  File "/home/mgorny/pkgcore-venv/lib/python2.7/site-packages/pkgcore/ebuild/processor.py", line 458, in write
    raise RuntimeError(ie)
RuntimeError: [Errno 32] Broken pipe

!!!                     ebuild.lib, line 252:  Called __qa_invoke 'source' '/home/mgorny/repos/dberkholz/sci-libs/bigdft/bigdft-1.2.0.ebuild'
 * 
 * "/home/mgorny/repos/dberkholz/sci-chemistry/ccp1gui/ccp1gui-0.7.1.ebuild":
 * Deprecation Warning: Usage of distutils.eclass in packages not supporting installation
 * for multiple Python ABIs in EAPI <=2 is deprecated.
 * The ebuild should to be fixed. Please report a bug, if it has not been already reported.
 * 
!!!                     ebuild.lib, line 252:  Called __qa_invoke 'source' '/home/mgorny/repos/dberkholz/www-apps/trac-git/trac-git-9999.ebuild'
!!!         isolated-functions.lib, line 286:  Called source '/home/mgorny/repos/dberkholz/sci-libs/bigdft/bigdft-1.2.0.ebuild'
 * 
 * "/home/mgorny/repos/dberkholz/sci-chemistry/cclib/cclib-0.91.ebuild":
 * Deprecation Warning: Usage of distutils.eclass in packages not supporting installation
 * for multiple Python ABIs in EAPI <=2 is deprecated.
 * The ebuild should to be fixed. Please report a bug, if it has not been already reported.
 * 
!!!         isolated-functions.lib, line 286:  Called source '/home/mgorny/repos/dberkholz/www-apps/trac-git/trac-git-9999.ebuild'

!!! ERROR: sci-chemistry/espresso-4.0_pre2 failed.
!!! die invoked from directory /home/mgorny/pkgcore-venv/lib/pkgcore
!!! Call stack:
!!!            bigdft-1.2.0.ebuild, line   6:  Called inherit 'eutils' 'fortran' 'multilib'
!!!           trac-git-9999.ebuild, line   5:  Called inherit 'git' 'distutils'
!!!             ebuild-daemon.bash, line 458:  Called __ebd_exec_main 'daemonize'
!!!   ebuild-default-functions.lib, line 230:  Called __internal_inherit 'fortran'
 * 
 * "/home/mgorny/repos/dberkholz/sci-chemistry/mole-bin/mole-bin-1.2.ebuild":
 * Deprecation Warning: Usage of distutils.eclass in packages not supporting installation
 * for multiple Python ABIs in EAPI <=2 is deprecated.
 * The ebuild should to be fixed. Please report a bug, if it has not been already reported.
 * 
!!!              ebuild-daemon.lib, line  37:  Called die
!!! The die message:
!!!  unknown inherit command from pythonic side, 'gen_metadata 174' for eclass fortran

received unknown com: export CATEGORY='net-misc' PR=r0 PVR='4.2.2_p3' PV='4.2.2_p3' EBUILD='/home/mgorny/repos/dberkholz/net-misc/ntp/ntp-4.2.2_p3.ebuild' P='ntp-4.2.2_p3' PF='ntp-4.2.2_p3' PN=ntpfailed
Exception in thread Thread-9:
Traceback (most recent call last):
  File "/usr/lib64/python2.7/threading.py", line 810, in __bootstrap_inner
    self.run()
  File "/usr/lib64/python2.7/threading.py", line 763, in run
    self.__target(*self.__args, **self.__kwargs)
  File "/home/mgorny/pkgcore-venv/lib/python2.7/site-packages/pkgcore/operations/regen.py", line 15, in regen_iter
    regen_func(x)
  File "/home/mgorny/pkgcore-venv/lib/python2.7/site-packages/pkgcore/ebuild/repository.py", line 521, in __call__
    return pkg._fetch_metadata(ebp=self.ebp, force_regen=self.force)
  File "/home/mgorny/pkgcore-venv/lib/python2.7/site-packages/pkgcore/ebuild/ebuild_src.py", line 269, in _fetch_metadata
    return self._parent._get_metadata(self, ebp=ebp, force_regen=force_regen)
  File "/home/mgorny/pkgcore-venv/lib/python2.7/site-packages/pkgcore/ebuild/ebuild_src.py", line 360, in _get_metadata
    return self._update_metadata(pkg, ebp=ebp)
  File "/home/mgorny/pkgcore-venv/lib/python2.7/site-packages/pkgcore/ebuild/ebuild_src.py", line 368, in _update_metadata
    mydata = my_proc.get_keys(pkg, self._ecache)
  File "/home/mgorny/pkgcore-venv/lib/python2.7/site-packages/pkgcore/ebuild/processor.py", line 827, in get_keys
    {"key": receive_key})
  File "/home/mgorny/pkgcore-venv/lib/python2.7/site-packages/pkgcore/ebuild/processor.py", line 760, in _run_depend_like_phase
    self.write("%s %i\n%s" % (command, len(data), data), append_newline=False)
  File "/home/mgorny/pkgcore-venv/lib/python2.7/site-packages/pkgcore/ebuild/processor.py", line 458, in write
    raise RuntimeError(ie)
RuntimeError: [Errno 32] Broken pipe

!!!   ebuild-default-functions.lib, line 230:  Called __internal_inherit 'git'

!!! ERROR: sci-chemistry/namd-2.8 failed.
!!!             ebuild-daemon.bash, line 210:  Called __ebd_main_loop
!!! die invoked from directory /home/mgorny/pkgcore-venv/lib/pkgcore
!!! Call stack:
!!!              ebuild-daemon.lib, line  35:  Called die
!!! The die message:
!!!  inherit for git failed

 * 
 * "/home/mgorny/repos/dberkholz/sci-chemistry/pyrx/pyrx-0.6.ebuild":
 * Deprecation Warning: Usage of distutils.eclass in packages not supporting installation
 * for multiple Python ABIs in EAPI <=2 is deprecated.
 * The ebuild should to be fixed. Please report a bug, if it has not been already reported.
 * 
!!!             ebuild-daemon.bash, line 458:  Called __ebd_exec_main 'daemonize'
!!!             ebuild-daemon.bash, line 441:  Called __ebd_process_metadata '209' 'depend'

!!! ERROR: sci-chemistry/shakerr-0.2.17 failed.
!!! die invoked from directory /home/mgorny/pkgcore-venv/lib/pkgcore
!!! Call stack:
!!!             ebuild-daemon.bash, line 374:  Called __execute_phases 'depend'
!!!             ebuild-daemon.bash, line 458:  Called __ebd_exec_main 'daemonize'
!!!             ebuild-daemon.bash, line 210:  Called __ebd_main_loop
!!!                     ebuild.lib, line 431:  Called __load_ebuild '/home/mgorny/repos/dberkholz/sci-chemistry/espresso/espresso-4.0_pre2.ebuild'
!!!             ebuild-daemon.bash, line 441:  Called __ebd_process_metadata '164' 'depend'
!!!                     ebuild.lib, line 252:  Called __qa_invoke 'source' '/home/mgorny/repos/dberkholz/sci-chemistry/espresso/espresso-4.0_pre2.ebuild'
 * 
 * "/home/mgorny/repos/dberkholz/sci-chemistry/vasco/vasco-1.0.2.ebuild":
 * Deprecation Warning: Usage of distutils.eclass in packages not supporting installation
 * for multiple Python ABIs in EAPI <=2 is deprecated.
 * The ebuild should to be fixed. Please report a bug, if it has not been already reported.
 * 
!!!             ebuild-daemon.bash, line 210:  Called __ebd_main_loop

!!! ERROR: sci-chemistry/zodiac-0.5 failed.
!!! die invoked from directory /home/mgorny/pkgcore-venv/lib/pkgcore
!!! Call stack:
!!!             ebuild-daemon.bash, line 374:  Called __execute_phases 'depend'
!!!         isolated-functions.lib, line 286:  Called source '/home/mgorny/repos/dberkholz/sci-chemistry/espresso/espresso-4.0_pre2.ebuild'
!!!             ebuild-daemon.bash, line 441:  Called __ebd_process_metadata '194' 'depend'
 * 
 * "/home/mgorny/repos/dberkholz/dev-python/jpype/jpype-0.5.4.1.ebuild":
 * Deprecation Warning: Usage of distutils.eclass in packages not supporting installation
 * for multiple Python ABIs in EAPI <=2 is deprecated.
 * The ebuild should to be fixed. Please report a bug, if it has not been already reported.
 * 
!!!                     ebuild.lib, line 431:  Called __load_ebuild '/home/mgorny/repos/dberkholz/sci-chemistry/namd/namd-2.8.ebuild'
!!!       espresso-4.0_pre2.ebuild, line   7:  Called inherit 'autotools' 'eutils' 'fortran' 'toolchain-funcs'
 * 
 * "/home/mgorny/repos/dberkholz/dev-python/cocos2d/cocos2d-0.3.0.ebuild":
 * Deprecation Warning: Usage of distutils.eclass in packages not supporting installation
 * for multiple Python ABIs in EAPI <=2 is deprecated.
 * The ebuild should to be fixed. Please report a bug, if it has not been already reported.
 * 
!!!   ebuild-default-functions.lib, line 230:  Called __internal_inherit 'fortran'
!!!             ebuild-daemon.bash, line 374:  Called __execute_phases 'depend'
!!!              ebuild-daemon.lib, line  35:  Called die
!!! The die message:
!!!  inherit for fortran failed

 * Use PYTHON_DEPEND variable instead of NEED_PYTHON variable.

!!! ERROR: dev-python/multitask-0.2.0 failed.
!!!             ebuild-daemon.bash, line 458:  Called __ebd_exec_main 'daemonize'

!!! ERROR: sci-chemistry/open3dqsar-1.304 failed.
!!! die invoked from directory /home/mgorny/pkgcore-venv/lib/pkgcore
!!! Call stack:
!!!                     ebuild.lib, line 431:  Called __load_ebuild '/home/mgorny/repos/dberkholz/sci-chemistry/shakerr/shakerr-0.2.17.ebuild'
!!! die invoked from directory /home/mgorny/pkgcore-venv/lib/pkgcore
!!! Call stack:
!!!                     ebuild.lib, line 252:  Called __qa_invoke 'source' '/home/mgorny/repos/dberkholz/sci-chemistry/namd/namd-2.8.ebuild'
!!!             ebuild-daemon.bash, line 210:  Called __ebd_main_loop
 * 
 * "/home/mgorny/repos/dberkholz/dev-python/aggdraw/aggdraw-1.2_alpha3.ebuild":
 * Deprecation Warning: Usage of distutils.eclass in packages not supporting installation
 * for multiple Python ABIs in EAPI <=2 is deprecated.
 * The ebuild should to be fixed. Please report a bug, if it has not been already reported.
 * 
!!!             ebuild-daemon.bash, line 458:  Called __ebd_exec_main 'daemonize'
!!!                     ebuild.lib, line 252:  Called __qa_invoke 'source' '/home/mgorny/repos/dberkholz/sci-chemistry/shakerr/shakerr-0.2.17.ebuild'
!!!         isolated-functions.lib, line 286:  Called source '/home/mgorny/repos/dberkholz/sci-chemistry/namd/namd-2.8.ebuild'
!!!             ebuild-daemon.bash, line 458:  Called __ebd_exec_main 'daemonize'
!!!             ebuild-daemon.bash, line 441:  Called __ebd_process_metadata '174' 'depend'
!!!             ebuild-daemon.bash, line 210:  Called __ebd_main_loop
!!!             ebuild-daemon.bash, line 210:  Called __ebd_main_loop
!!!             ebuild-daemon.bash, line 441:  Called __ebd_process_metadata '204' 'depend'
!!!             ebuild-daemon.bash, line 441:  Called __ebd_process_metadata '193' 'depend'
!!!         isolated-functions.lib, line 286:  Called source '/home/mgorny/repos/dberkholz/sci-chemistry/shakerr/shakerr-0.2.17.ebuild'
!!!                namd-2.8.ebuild, line   5:  Called inherit 'eutils' 'toolchain-funcs' 'flag-o-matic'
!!!             ebuild-daemon.bash, line 374:  Called __execute_phases 'depend'
!!!          shakerr-0.2.17.ebuild, line   5:  Called inherit 'distutils'
!!!             ebuild-daemon.bash, line 374:  Called __execute_phases 'depend'
!!!             ebuild-daemon.bash, line 374:  Called __execute_phases 'depend'
!!!   ebuild-default-functions.lib, line 230:  Called __internal_inherit 'distutils'
 * 
!!!   ebuild-default-functions.lib, line 230:  Called __internal_inherit 'flag-o-matic'
 * "/home/mgorny/repos/dberkholz/dev-python/pymedia/pymedia-1.3.7.3.ebuild":
 * Deprecation Warning: Usage of distutils.eclass in packages not supporting installation
 * for multiple Python ABIs in EAPI <=2 is deprecated.
 * The ebuild should to be fixed. Please report a bug, if it has not been already reported.
 * 
!!!                     ebuild.lib, line 431:  Called __load_ebuild '/home/mgorny/repos/dberkholz/sci-chemistry/zodiac/zodiac-0.5.ebuild'
!!!              ebuild-daemon.lib, line  37:  Called die
!!! The die message:
!!!  unknown inherit command from pythonic side, 'gen_metadata 179' for eclass flag-o-matic

received unknown com: export CATEGORY='sci-chemistry' PR=r0 PVR='1.0.2' PV='1.0.2' EBUILD='/home/mgorny/repos/dberkholz/sci-chemistry/pyitc/pyitc-1.0.2.ebuild' P='pyitc-1.0.2' PF='pyitc-1.0.2' PN=pyitcpath
!!!                     ebuild.lib, line 431:  Called __load_ebuild '/home/mgorny/repos/dberkholz/dev-python/multitask/multitask-0.2.0.ebuild'
Exception in thread Thread-14:
Traceback (most recent call last):
  File "/usr/lib64/python2.7/threading.py", line 810, in __bootstrap_inner
    self.run()
  File "/usr/lib64/python2.7/threading.py", line 763, in run
    self.__target(*self.__args, **self.__kwargs)
  File "/home/mgorny/pkgcore-venv/lib/python2.7/site-packages/pkgcore/operations/regen.py", line 15, in regen_iter
    regen_func(x)
  File "/home/mgorny/pkgcore-venv/lib/python2.7/site-packages/pkgcore/ebuild/repository.py", line 521, in __call__
    return pkg._fetch_metadata(ebp=self.ebp, force_regen=self.force)
  File "/home/mgorny/pkgcore-venv/lib/python2.7/site-packages/pkgcore/ebuild/ebuild_src.py", line 269, in _fetch_metadata
    return self._parent._get_metadata(self, ebp=ebp, force_regen=force_regen)
  File "/home/mgorny/pkgcore-venv/lib/python2.7/site-packages/pkgcore/ebuild/ebuild_src.py", line 360, in _get_metadata
    return self._update_metadata(pkg, ebp=ebp)
  File "/home/mgorny/pkgcore-venv/lib/python2.7/site-packages/pkgcore/ebuild/ebuild_src.py", line 368, in _update_metadata
    mydata = my_proc.get_keys(pkg, self._ecache)
  File "/home/mgorny/pkgcore-venv/lib/python2.7/site-packages/pkgcore/ebuild/processor.py", line 827, in get_keys
    {"key": receive_key})
  File "/home/mgorny/pkgcore-venv/lib/python2.7/site-packages/pkgcore/ebuild/processor.py", line 760, in _run_depend_like_phase
    self.write("%s %i\n%s" % (command, len(data), data), append_newline=False)
  File "/home/mgorny/pkgcore-venv/lib/python2.7/site-packages/pkgcore/ebuild/processor.py", line 458, in write
    raise RuntimeError(ie)
RuntimeError: [Errno 32] Broken pipe

!!!                     ebuild.lib, line 431:  Called __load_ebuild '/home/mgorny/repos/dberkholz/sci-chemistry/open3dqsar/open3dqsar-1.304.ebuild'
!!!              ebuild-daemon.lib, line  37:  Called die
!!! The die message:
!!!  unknown inherit command from pythonic side, 'gen_metadata 189' for eclass distutils

received unknown com: export CATEGORY='sci-chemistry' PR=r0 PVR='1.4.3' PV='1.4.3' EBUILD='/home/mgorny/repos/dberkholz/sci-chemistry/theseus/theseus-1.4.3.ebuild' P='theseus-1.4.3' PF='theseus-1.4.3' PN=theseuspath
!!!                     ebuild.lib, line 252:  Called __qa_invoke 'source' '/home/mgorny/repos/dberkholz/sci-chemistry/zodiac/zodiac-0.5.ebuild'
Exception in thread Thread-5:
Traceback (most recent call last):
  File "/usr/lib64/python2.7/threading.py", line 810, in __bootstrap_inner
    self.run()
  File "/usr/lib64/python2.7/threading.py", line 763, in run
    self.__target(*self.__args, **self.__kwargs)
  File "/home/mgorny/pkgcore-venv/lib/python2.7/site-packages/pkgcore/operations/regen.py", line 15, in regen_iter
    regen_func(x)
  File "/home/mgorny/pkgcore-venv/lib/python2.7/site-packages/pkgcore/ebuild/repository.py", line 521, in __call__
    return pkg._fetch_metadata(ebp=self.ebp, force_regen=self.force)
  File "/home/mgorny/pkgcore-venv/lib/python2.7/site-packages/pkgcore/ebuild/ebuild_src.py", line 269, in _fetch_metadata
    return self._parent._get_metadata(self, ebp=ebp, force_regen=force_regen)
  File "/home/mgorny/pkgcore-venv/lib/python2.7/site-packages/pkgcore/ebuild/ebuild_src.py", line 360, in _get_metadata
    return self._update_metadata(pkg, ebp=ebp)
  File "/home/mgorny/pkgcore-venv/lib/python2.7/site-packages/pkgcore/ebuild/ebuild_src.py", line 368, in _update_metadata
    mydata = my_proc.get_keys(pkg, self._ecache)
  File "/home/mgorny/pkgcore-venv/lib/python2.7/site-packages/pkgcore/ebuild/processor.py", line 827, in get_keys
    {"key": receive_key})
  File "/home/mgorny/pkgcore-venv/lib/python2.7/site-packages/pkgcore/ebuild/processor.py", line 760, in _run_depend_like_phase
    self.write("%s %i\n%s" % (command, len(data), data), append_newline=False)
  File "/home/mgorny/pkgcore-venv/lib/python2.7/site-packages/pkgcore/ebuild/processor.py", line 458, in write
    raise RuntimeError(ie)
RuntimeError: [Errno 32] Broken pipe

 * 
 * "/home/mgorny/repos/dberkholz/dev-python/python-biggles/python-biggles-1.6.5.ebuild":
 * Deprecation Warning: Usage of distutils.eclass in packages not supporting installation
 * for multiple Python ABIs in EAPI <=2 is deprecated.
 * The ebuild should to be fixed. Please report a bug, if it has not been already reported.
 * 
!!!         isolated-functions.lib, line 286:  Called source '/home/mgorny/repos/dberkholz/sci-chemistry/zodiac/zodiac-0.5.ebuild'
!!!                     ebuild.lib, line 252:  Called __qa_invoke 'source' '/home/mgorny/repos/dberkholz/dev-python/multitask/multitask-0.2.0.ebuild'
!!!                     ebuild.lib, line 252:  Called __qa_invoke 'source' '/home/mgorny/repos/dberkholz/sci-chemistry/open3dqsar/open3dqsar-1.304.ebuild'
!!!              zodiac-0.5.ebuild, line   5:  Called inherit 'versionator' 'qt4'
!!!         isolated-functions.lib, line 286:  Called source '/home/mgorny/repos/dberkholz/sci-chemistry/open3dqsar/open3dqsar-1.304.ebuild'
!!!         isolated-functions.lib, line 286:  Called source '/home/mgorny/repos/dberkholz/dev-python/multitask/multitask-0.2.0.ebuild'
!!!   ebuild-default-functions.lib, line 230:  Called __internal_inherit 'qt4'
!!!        open3dqsar-1.304.ebuild, line   7:  Called inherit 'autotools' 'eutils'
 * 
 * "/home/mgorny/repos/dberkholz/dev-python/scientificpython/scientificpython-2.7.8.ebuild":
 * Deprecation Warning: Usage of distutils.eclass in packages not supporting installation
 * for multiple Python ABIs in EAPI <=2 is deprecated.
 * The ebuild should to be fixed. Please report a bug, if it has not been already reported.
 * 
 * 
 * "/home/mgorny/repos/dberkholz/dev-python/spasmoidal/spasmoidal-0.1.1.ebuild":
 * Deprecation Warning: Usage of distutils.eclass in packages not supporting installation
 * for multiple Python ABIs in EAPI <=2 is deprecated.
 * The ebuild should to be fixed. Please report a bug, if it has not been already reported.
 * 
!!!              ebuild-daemon.lib, line  35:  Called die
!!! The die message:
!!!  inherit for qt4 failed

!!!         multitask-0.2.0.ebuild, line   8:  Called inherit 'distutils'
!!!   ebuild-default-functions.lib, line 230:  Called __internal_inherit 'autotools'
 * 
 * "/home/mgorny/repos/dberkholz/dev-python/greenlet/greenlet-0.2.ebuild":
 * Deprecation Warning: Usage of distutils.eclass in packages not supporting installation
 * for multiple Python ABIs in EAPI <=2 is deprecated.
 * The ebuild should to be fixed. Please report a bug, if it has not been already reported.
 * 
!!!   ebuild-default-functions.lib, line 230:  Called __internal_inherit 'distutils'
!!!              ebuild-daemon.lib, line  37:  Called die
!!! The die message:
!!!  unknown inherit command from pythonic side, 'gen_metadata 203' for eclass autotools

 * 
 * "/home/mgorny/repos/dberkholz/dev-python/rdfalchemy/rdfalchemy-0.2_beta2.ebuild":
 * Deprecation Warning: Usage of distutils.eclass in packages not supporting installation
 * for multiple Python ABIs in EAPI <=2 is deprecated.
 * The ebuild should to be fixed. Please report a bug, if it has not been already reported.
received unknown com: export CATEGORY='dev-python' PR=r0 PVR='0.4.1' PV='0.4.1' EBUILD='/home/mgorny/repos/dberkholz/dev-python/pycallgraph/pycallgraph-0.4.1.ebuild' P='pycallgraph-0.4.1' PF='pycallgraph-0.4.1' PN=pycallgraphpath
 * 
 * 
 * "/home/mgorny/repos/dberkholz/dev-python/suds/suds-0.4.ebuild":
 * Deprecation Warning: Usage of distutils.eclass in packages not supporting installation
 * for multiple Python ABIs in EAPI <=2 is deprecated.
 * The ebuild should to be fixed. Please report a bug, if it has not been already reported.
 * 
Exception in thread Thread-15:
Traceback (most recent call last):
  File "/usr/lib64/python2.7/threading.py", line 810, in __bootstrap_inner
    self.run()
  File "/usr/lib64/python2.7/threading.py", line 763, in run
    self.__target(*self.__args, **self.__kwargs)
  File "/home/mgorny/pkgcore-venv/lib/python2.7/site-packages/pkgcore/operations/regen.py", line 15, in regen_iter
    regen_func(x)
  File "/home/mgorny/pkgcore-venv/lib/python2.7/site-packages/pkgcore/ebuild/repository.py", line 521, in __call__
    return pkg._fetch_metadata(ebp=self.ebp, force_regen=self.force)
  File "/home/mgorny/pkgcore-venv/lib/python2.7/site-packages/pkgcore/ebuild/ebuild_src.py", line 269, in _fetch_metadata
    return self._parent._get_metadata(self, ebp=ebp, force_regen=force_regen)
  File "/home/mgorny/pkgcore-venv/lib/python2.7/site-packages/pkgcore/ebuild/ebuild_src.py", line 360, in _get_metadata
    return self._update_metadata(pkg, ebp=ebp)
  File "/home/mgorny/pkgcore-venv/lib/python2.7/site-packages/pkgcore/ebuild/ebuild_src.py", line 368, in _update_metadata
    mydata = my_proc.get_keys(pkg, self._ecache)
  File "/home/mgorny/pkgcore-venv/lib/python2.7/site-packages/pkgcore/ebuild/processor.py", line 827, in get_keys
    {"key": receive_key})
  File "/home/mgorny/pkgcore-venv/lib/python2.7/site-packages/pkgcore/ebuild/processor.py", line 760, in _run_depend_like_phase
    self.write("%s %i\n%s" % (command, len(data), data), append_newline=False)
  File "/home/mgorny/pkgcore-venv/lib/python2.7/site-packages/pkgcore/ebuild/processor.py", line 458, in write
    raise RuntimeError(ie)
RuntimeError: [Errno 32] Broken pipe

!!!              ebuild-daemon.lib, line  23:  Called __qa_invoke '__preloaded_eclass_distutils'
!!!         isolated-functions.lib, line 286:  Called __preloaded_eclass_distutils
 * 
 * "/home/mgorny/repos/dberkholz/dev-python/statlib/statlib-1.1.ebuild":
 * Deprecation Warning: Usage of distutils.eclass in packages not supporting installation
 * for multiple Python ABIs in EAPI <=2 is deprecated.
 * The ebuild should to be fixed. Please report a bug, if it has not been already reported.
 * 
!!!             ebuild-daemon.bash, line 398:  Called inherit 'python'
!!!   ebuild-default-functions.lib, line 230:  Called __internal_inherit 'python'
!!!              ebuild-daemon.lib, line  23:  Called __qa_invoke '__preloaded_eclass_python'
!!!         isolated-functions.lib, line 286:  Called __preloaded_eclass_python
!!!             ebuild-daemon.bash, line 660:  Called die
!!! The die message:
!!!  NEED_PYTHON variable is banned

: app-misc/labyrinth-0.4.1
ERROR pkgcore: returned val from gen_metadata was 'False'
!!! caught exception False while processing ebuild src: sci-libs/pgd-utils-0.4.2
ERROR pkgcore: returned val from gen_metadata was 'False'
!!! caught exception False while processing ebuild src: sci-libs/libxc-0.9
!!! caught exception ("Expected command; instead got nothing from ''", None) while processing ebuild src: app-shells/heirloom-sh-050706
ERROR pkgcore: returned val from gen_metadata was 'False'
!!! caught exception False while processing ebuild src: sci-libs/cctbx-2005.12.29.2029
ERROR pkgcore: returned val from gen_metadata was 'False'
!!! caught exception False while processing ebuild src: sci-libs/fox-4.0.3
!!! caught exception ("Expected command; instead got nothing from ''", None) while processing ebuild src: sys-apps/asmutils-0.18
ERROR pkgcore: returned val from gen_metadata was 'False'
!!! caught exception False while processing ebuild src: sci-libs/wannier90-1.1
!!! caught exception ("Expected command; instead got nothing from ''", None) while processing ebuild src: sci-chemistry/gridzilla-0.5_beta
!!! caught exception inherit requires an unknown eclass, fortran cannot be found while processing ebuild src: sci-chemistry/espresso-4.0_pre2
ERROR pkgcore: returned val from gen_metadata was 'False'
!!! caught exception False while processing ebuild src: dev-java/fop-0.92_beta
!!! caught exception ("Expected command; instead got nothing from ''", None) while processing ebuild src: sci-chemistry/qutemol-0.4
ERROR pkgcore: returned val from gen_metadata was 'False'
!!! caught exception False while processing ebuild src: app-doc/bashdoc-1.0
!!! caught exception Metadata Exception: pkg ebuild src: sci-chemistry/reduce-3.14.080821, attr eapi
error: parsed eapi '3' doesn't match sourced eapi '0' while processing ebuild src: sci-chemistry/reduce-3.14.080821
!!! caught exception Metadata Exception: pkg ebuild src: sci-chemistry/usf-voidoo-bin-0.1, attr eapi
error: parsed eapi '0' doesn't match sourced eapi '3' while processing ebuild src: sci-chemistry/usf-voidoo-bin-0.1
!!! caught exception inherit requires an unknown eclass, qt4 cannot be found while processing ebuild src: sci-chemistry/zodiac-0.5
ERROR pkgcore: returned val from gen_metadata was 'False'
!!! caught exception False while processing ebuild src: sci-chemistry/open3dqsar-1.304
ERROR pkgcore: returned val from gen_metadata was 'False'
!!! caught exception False while processing ebuild src: sci-chemistry/pyitc-1.0.2
!!! caught exception ("Expected command; instead got nothing from ''", None) while processing ebuild src: dev-python/python-twitter-1.1.6
ERROR pkgcore: returned val from gen_metadata was 'False'
!!! caught exception False while processing ebuild src: sci-chemistry/theseus-1.4.3
ERROR pkgcore: returned val from gen_metadata was 'False'
!!! caught exception False while processing ebuild src: dev-python/greenlet-0.2
ERROR pkgcore: returned val from gen_metadata was 'False'
!!! caught exception False while processing ebuild src: dev-python/pycallgraph-0.4.1
!!! caught exception ("Expected command; instead got nothing from ''", None) while processing ebuild src: sys-power/powertop-9999
!!! caught exception Metadata Exception: pkg ebuild src: virtual/linux-sources-2.6, attr eapi
error: parsed eapi '2' doesn't match sourced eapi '0' while processing ebuild src: virtual/linux-sources-2.6
!!! caught exception Metadata Exception: pkg ebuild src: net-www/bottle-0.8.5, attr eapi
error: parsed eapi '3' doesn't match sourced eapi '2' while processing ebuild src: net-www/bottle-0.8.5
ERROR pkgcore: returned val from gen_metadata was 'False'
!!! caught exception False while processing ebuild src: dev-python/pandas-0.4.0
!!! caught exception Metadata Exception: pkg ebuild src: sys-cluster/parallel-20100922, attr eapi
error: parsed eapi '0' doesn't match sourced eapi '3' while processing ebuild src: sys-cluster/parallel-20100922
Error running an operation:
 Unhandled exception in regen_cache
sandbox:stop  caught signal 15 in pid 9795
Sandboxed process killed by signal: Terminated
sandbox:stop  caught signal 15 in pid 9410
Sandboxed process killed by signal: Terminated
 * Cache regen failed with 246
