{'description': {'en': "Eatnumber1's personal overlay"},
 'feed': ['https://cgit.gentoo.org/user/eatnumber1.git/atom/'],
 'homepage': 'https://cgit.gentoo.org/user/eatnumber1.git/',
 'name': 'eatnumber1',
 'owner': [{'email': 'russ@eatnumber1.com',
            'name': 'Russell Harmon',
            'type': 'person'}],
 'quality': 'experimental',
 'source': [{'type': 'git',
             'uri': 'git://anongit.gentoo.org/user/eatnumber1.git'},
            {'type': 'git',
             'uri': 'https://anongit.gentoo.org/git/user/eatnumber1.git'},
            {'type': 'git',
             'uri': 'git+ssh://git@git.gentoo.org/user/eatnumber1.git'}],
 'status': 'unofficial'}
$ pmaint sync eatnumber1
WARNING:pkgcore:repository at '/home/mgorny/repos/steveeJ' has unsupported profile format(s): 'profile-set'
Already up-to-date.
*** syncing eatnumber1
*** synced eatnumber1
 * Sync succeeded
$ pmaint regen -t 2 eatnumber1
WARNING:pkgcore:repository at '/home/mgorny/repos/steveeJ' has unsupported profile format(s): 'profile-set'
WARNING:pkgcore:repository at '/home/mgorny/repos/steveeJ' has unsupported profile format(s): 'profile-set'

!!! ERROR: dev-libs/libuseless-9999 failed.
!!! die invoked from directory /home/mgorny/pkgcore-venv/lib/pkgcore
!!! Call stack:
!!!             ebuild-daemon.bash, line 457:  Called __ebd_exec_main 'daemonize'

!!! ERROR: games-roguelike/dwarf-fortress-0.28.181.40d-r18 failed.
!!! die invoked from directory /home/mgorny/pkgcore-venv/lib/pkgcore
!!! Call stack:
!!!             ebuild-daemon.bash, line 209:  Called __ebd_main_loop
!!!             ebuild-daemon.bash, line 440:  Called __ebd_process_metadata '186' 'depend'
!!!             ebuild-daemon.bash, line 373:  Called __execute_phases 'depend'
!!!                       ebuild-daemon.bash, line 457:  Called __ebd_exec_main 'daemonize'
!!!                     ebuild.lib, line 431:  Called __load_ebuild '/home/mgorny/repos/eatnumber1/dev-libs/libuseless/libuseless-9999.ebuild'
!!!                       ebuild-daemon.bash, line 209:  Called __ebd_main_loop
!!!                     ebuild.lib, line 252:  Called __qa_invoke 'source' '/home/mgorny/repos/eatnumber1/dev-libs/libuseless/libuseless-9999.ebuild'
!!!                       ebuild-daemon.bash, line 440:  Called __ebd_process_metadata '279' 'depend'
!!!         isolated-functions.lib, line 286:  Called source '/home/mgorny/repos/eatnumber1/dev-libs/libuseless/libuseless-9999.ebuild'
!!!         libuseless-9999.ebuild, line   8:  Called inherit 'git' 'autotools'
!!!                       ebuild-daemon.bash, line 373:  Called __execute_phases 'depend'
!!!   ebuild-default-functions.lib, line 230:  Called __internal_inherit 'git'
!!!              ebuild-daemon.lib, line  35:  Called die
!!! The die message:
!!!  inherit for git failed

!!!                               ebuild.lib, line 431:  Called __load_ebuild '/home/mgorny/repos/eatnumber1/games-roguelike/dwarf-fortress/dwarf-fortress-0.28.181.40d-r18.ebuild'
!!!                               ebuild.lib, line 252:  Called __qa_invoke 'source' '/home/mgorny/repos/eatnumber1/games-roguelike/dwarf-fortress/dwarf-fortress-0.28.181.40d-r18.ebuild'
!!!                   isolated-functions.lib, line 286:  Called source '/home/mgorny/repos/eatnumber1/games-roguelike/dwarf-fortress/dwarf-fortress-0.28.181.40d-r18.ebuild'
!!!   dwarf-fortress-0.28.181.40d-r18.ebuild, line   8:  Called inherit 'games' 'eutils' 'git' 'multilib' 'flag-o-matic'
!!!             ebuild-default-functions.lib, line 230:  Called __internal_inherit 'git'
!!!                        ebuild-daemon.lib, line  35:  Called die
!!! The die message:
!!!  inherit for git failed

!!! caught exception inherit requires an unknown eclass, git cannot be found while processing ebuild src: dev-libs/libuseless-9999
!!! caught exception inherit requires an unknown eclass, git cannot be found while processing ebuild src: games-roguelike/dwarf-fortress-0.28.181.40d-r18
!!! caught exception Metadata Exception: pkg ebuild src: dev-java/commons-ssl-0.3.9, attr eapi
error: parsed eapi doesn't match sourced eapi while processing ebuild src: dev-java/commons-ssl-0.3.9
Error running an operation:
 Unhandled exception in regen_cache
Exception pkgcore.ebuild.processor.TimeoutError: TimeoutError() in <functools.partial object at 0x7f289fdc93c0> ignored
Traceback (most recent call last):
  File "/home/mgorny/pkgcore-venv/lib/python2.7/site-packages/pkgcore/ebuild/processor.py", line 91, in shutdown_all_processors
    ignore_keyboard_interrupt=True)
  File "/home/mgorny/pkgcore-venv/lib/python2.7/site-packages/pkgcore/ebuild/processor.py", line 670, in shutdown_processor
    elif self.is_alive:
  File "/home/mgorny/pkgcore-venv/lib/python2.7/site-packages/pkgcore/ebuild/processor.py", line 649, in is_alive
    if not self.expect("yep!", timeout=0.1):
  File "/home/mgorny/pkgcore-venv/lib/python2.7/site-packages/pkgcore/ebuild/processor.py", line 500, in expect
    return self._consume_async_expects()
  File "/home/mgorny/pkgcore-venv/lib/python2.7/site-packages/pkgcore/ebuild/processor.py", line 465, in _consume_async_expects
    got = [x.rstrip('\n') for x in self.readlines(len(self._outstanding_expects))]
  File "/home/mgorny/pkgcore-venv/lib/python2.7/site-packages/pkgcore/ebuild/processor.py", line 505, in readlines
    mydata.append(self.ebd_read.readline())
  File "/home/mgorny/pkgcore-venv/lib/python2.7/site-packages/pkgcore/ebuild/processor.py", line 472, in _timeout_ebp
    raise TimeoutError()
TimeoutError
Error in atexit._run_exitfuncs:
Traceback (most recent call last):
  File "/usr/lib64/python2.7/atexit.py", line 24, in _run_exitfuncs
    func(*targs, **kargs)
  File "/home/mgorny/pkgcore-venv/lib/python2.7/site-packages/pkgcore/spawn.py", line 89, in run_exitfuncs
    func(*targs, **kargs)
  File "/home/mgorny/pkgcore-venv/lib/python2.7/site-packages/pkgcore/ebuild/processor.py", line 70, in _inner
    return functor(*args, **kwds)
  File "/home/mgorny/pkgcore-venv/lib/python2.7/site-packages/pkgcore/ebuild/processor.py", line 91, in shutdown_all_processors
    ignore_keyboard_interrupt=True)
  File "/home/mgorny/pkgcore-venv/lib/python2.7/site-packages/pkgcore/ebuild/processor.py", line 670, in shutdown_processor
    elif self.is_alive:
  File "/home/mgorny/pkgcore-venv/lib/python2.7/site-packages/pkgcore/ebuild/processor.py", line 649, in is_alive
    if not self.expect("yep!", timeout=0.1):
  File "/home/mgorny/pkgcore-venv/lib/python2.7/site-packages/pkgcore/ebuild/processor.py", line 500, in expect
    return self._consume_async_expects()
  File "/home/mgorny/pkgcore-venv/lib/python2.7/site-packages/pkgcore/ebuild/processor.py", line 465, in _consume_async_expects
    got = [x.rstrip('\n') for x in self.readlines(len(self._outstanding_expects))]
  File "/home/mgorny/pkgcore-venv/lib/python2.7/site-packages/pkgcore/ebuild/processor.py", line 505, in readlines
    mydata.append(self.ebd_read.readline())
  File "/home/mgorny/pkgcore-venv/lib/python2.7/site-packages/pkgcore/ebuild/processor.py", line 472, in _timeout_ebp
    raise TimeoutError()
TimeoutError
Error in sys.exitfunc:
ERROR pkgcore: 
Traceback (most recent call last):
  File "/usr/lib64/python2.7/atexit.py", line 24, in _run_exitfuncs
    func(*targs, **kargs)
  File "/home/mgorny/pkgcore-venv/lib/python2.7/site-packages/pkgcore/spawn.py", line 89, in run_exitfuncs
    func(*targs, **kargs)
  File "/home/mgorny/pkgcore-venv/lib/python2.7/site-packages/pkgcore/ebuild/processor.py", line 70, in _inner
    return functor(*args, **kwds)
  File "/home/mgorny/pkgcore-venv/lib/python2.7/site-packages/pkgcore/ebuild/processor.py", line 91, in shutdown_all_processors
    ignore_keyboard_interrupt=True)
  File "/home/mgorny/pkgcore-venv/lib/python2.7/site-packages/pkgcore/ebuild/processor.py", line 670, in shutdown_processor
    elif self.is_alive:
  File "/home/mgorny/pkgcore-venv/lib/python2.7/site-packages/pkgcore/ebuild/processor.py", line 649, in is_alive
    if not self.expect("yep!", timeout=0.1):
  File "/home/mgorny/pkgcore-venv/lib/python2.7/site-packages/pkgcore/ebuild/processor.py", line 500, in expect
    return self._consume_async_expects()
  File "/home/mgorny/pkgcore-venv/lib/python2.7/site-packages/pkgcore/ebuild/processor.py", line 465, in _consume_async_expects
    got = [x.rstrip('\n') for x in self.readlines(len(self._outstanding_expects))]
  File "/home/mgorny/pkgcore-venv/lib/python2.7/site-packages/pkgcore/ebuild/processor.py", line 505, in readlines
    mydata.append(self.ebd_read.readline())
  File "/home/mgorny/pkgcore-venv/lib/python2.7/site-packages/pkgcore/ebuild/processor.py", line 472, in _timeout_ebp
    raise TimeoutError()
pkgcore.ebuild.processor.TimeoutError
 * Cache regen failed with 246
