{u'description': [u'Personal overlay of Erik Moen'],
 u'feeds': [u'https://cgit.gentoo.org/user/eroen.git/atom/'],
 u'homepage': u'https://cgit.gentoo.org/user/eroen.git/',
 u'irc': None,
 u'name': u'eroen',
 u'official': False,
 u'owner_email': u'gentoo@eroen.eu',
 u'owner_name': u'Erik Moen',
 u'priority': 50,
 u'quality': u'experimental',
 u'sources': [(u'git://anongit.gentoo.org/user/eroen.git', u'Git', u''),
              (u'https://anongit.gentoo.org/git/user/eroen.git', u'Git', u''),
              (u'git+ssh://git@git.gentoo.org/user/eroen.git', u'Git', u'')],
 u'status': u'unofficial',
 u'supported': True}
$ pmaint sync eroen
WARNING:pkgcore:repository at location '/home/mgorny/repos/eigenlay' lacks a defined repo_name
WARNING:pkgcore:repository at '/home/mgorny/repos/eigenlay', named 'eigenlay', doesn't specify masters in metadata/layout.conf. Defaulting to whatever repository is defined as 'default' (gentoo usually). Please explicitly set the masters, or set masters = '' if the repository is standalone.
WARNING:pkgcore:repository at '/home/mgorny/repos/steveeJ' has unsupported profile format(s): 'profile-set'
WARNING:pkgcore:repository at location '/home/mgorny/repos/eigenlay' lacks a defined repo_name
WARNING:pkgcore:repository at '/home/mgorny/repos/eigenlay', named 'eigenlay', doesn't specify masters in metadata/layout.conf. Defaulting to whatever repository is defined as 'default' (gentoo usually). Please explicitly set the masters, or set masters = '' if the repository is standalone.
WARNING:pkgcore:repository at '/home/mgorny/repos/steveeJ' has unsupported profile format(s): 'profile-set'
Already up-to-date.
*** syncing eroen
*** synced eroen
 * Sync succeeded
$ pmaint regen -t 2 eroen
WARNING:pkgcore:repository at '/home/mgorny/repos/steveeJ' has unsupported profile format(s): 'profile-set'
WARNING:pkgcore:repository at '/home/mgorny/repos/steveeJ' has unsupported profile format(s): 'profile-set'
WARNING: 'use' function invoked by games-util/dfhack-0.34.11.3_p20130302 during metadata regeneration.
WARNING: Please ensure upstream is aware of it and working to remove it.

WARNING: 'use' function invoked by games-simulation/dwarffortress-34.11 during metadata regeneration.
WARNING: Please ensure upstream is aware of it and working to remove it.

WARNING: 'use' function invoked by games-simulation/prisonarchitect-0.24c during metadata regeneration.
WARNING: Please ensure upstream is aware of it and working to remove it.

WARNING: 'use' function invoked by games-simulation/prisonarchitect-0.24c during metadata regeneration.
WARNING: Please ensure upstream is aware of it and working to remove it.

WARNING: 'use' function invoked by sys-fs/bedup-0.9.0_p20130806 during metadata regeneration.
WARNING: Please ensure upstream is aware of it and working to remove it.

WARNING: 'use' function invoked by sys-fs/bedup-0.9.0_p20140413 during metadata regeneration.
WARNING: Please ensure upstream is aware of it and working to remove it.

WARNING: 'use' function invoked by sys-fs/bedup-0.9.0_p20140412 during metadata regeneration.
WARNING: Please ensure upstream is aware of it and working to remove it.


!!! ERROR: dev-python/pyffi-2.2.2 failed.
!!! die invoked from directory /usr/lib64/pkgcore
!!! Call stack:
!!!             ebuild-daemon.bash, line 457:  Called __ebd_exec_main 'daemonize'

!!! ERROR: app-cdr/k3b-2.0.2-r4 failed.
!!! die invoked from directory /usr/lib64/pkgcore
!!! Call stack:
!!!             ebuild-daemon.bash, line 209:  Called __ebd_main_loop
!!!             ebuild-daemon.bash, line 457:  Called __ebd_exec_main 'daemonize'
!!!             ebuild-daemon.bash, line 440:  Called __ebd_process_metadata '169' 'depend'
!!!             ebuild-daemon.bash, line 209:  Called __ebd_main_loop
!!!             ebuild-daemon.bash, line 440:  Called __ebd_process_metadata '162' 'depend'
!!!             ebuild-daemon.bash, line 373:  Called __execute_phases 'depend'
!!!                     ebuild.lib, line 431:  Called __load_ebuild '/home/mgorny/repos/eroen/dev-python/pyffi/pyffi-2.2.2.ebuild'
!!!             ebuild-daemon.bash, line 373:  Called __execute_phases 'depend'
!!!                     ebuild.lib, line 431:  Called __load_ebuild '/home/mgorny/repos/eroen/app-cdr/k3b/k3b-2.0.2-r4.ebuild'
!!!                     ebuild.lib, line 252:  Called __qa_invoke 'source' '/home/mgorny/repos/eroen/dev-python/pyffi/pyffi-2.2.2.ebuild'
!!!                     ebuild.lib, line 252:  Called __qa_invoke 'source' '/home/mgorny/repos/eroen/app-cdr/k3b/k3b-2.0.2-r4.ebuild'
!!!         isolated-functions.lib, line 286:  Called source '/home/mgorny/repos/eroen/app-cdr/k3b/k3b-2.0.2-r4.ebuild'
!!!         isolated-functions.lib, line 286:  Called source '/home/mgorny/repos/eroen/dev-python/pyffi/pyffi-2.2.2.ebuild'
!!!             pyffi-2.2.2.ebuild, line  13:  Called inherit 'eutils' 'distutils-r1'
!!!            k3b-2.0.2-r4.ebuild, line  25:  Called inherit 'kde4-base'
!!!   ebuild-default-functions.lib, line 230:  Called __internal_inherit 'distutils-r1'
!!!   ebuild-default-functions.lib, line 230:  Called __internal_inherit 'kde4-base'
!!!              ebuild-daemon.lib, line  30:  Called __qa_invoke 'source' '/home/mgorny/repos/gentoo/eclass/kde4-base.eclass'
!!!              ebuild-daemon.lib, line  30:  Called __qa_invoke 'source' '/home/mgorny/repos/gentoo/eclass/distutils-r1.eclass'
!!!         isolated-functions.lib, line 286:  Called source '/home/mgorny/repos/gentoo/eclass/distutils-r1.eclass'
!!!            distutils-r1.eclass, line  85:  Called inherit 'multiprocessing' 'python-r1'
!!!         isolated-functions.lib, line 286:  Called source '/home/mgorny/repos/gentoo/eclass/kde4-base.eclass'
!!!               kde4-base.eclass, line  37:  Called inherit 'kde4-functions' 'toolchain-funcs' 'fdo-mime' 'flag-o-matic' 'gnome2-utils' 'virtualx' 'versionator' 'eutils' 'multilib'
!!!   ebuild-default-functions.lib, line 230:  Called __internal_inherit 'python-r1'
!!!   ebuild-default-functions.lib, line 230:  Called __internal_inherit 'kde4-functions'
!!!              ebuild-daemon.lib, line  30:  Called __qa_invoke 'source' '/home/mgorny/repos/gentoo/eclass/python-r1.eclass'
!!!              ebuild-daemon.lib, line  30:  Called __qa_invoke 'source' '/home/mgorny/repos/gentoo/eclass/kde4-functions.eclass'
!!!         isolated-functions.lib, line 286:  Called source '/home/mgorny/repos/gentoo/eclass/python-r1.eclass'
!!!         isolated-functions.lib, line 286:  Called source '/home/mgorny/repos/gentoo/eclass/kde4-functions.eclass'
!!!               python-r1.eclass, line 232:  Called _python_set_globals
!!!          kde4-functions.eclass, line  23:  Called die
!!! The die message:
!!!  EAPI=4 is not supported

!!!               python-r1.eclass, line 199:  Called die
!!! The die message:
!!!  No supported implementation in PYTHON_COMPAT.

ERROR pkgcore: returned val from gen_metadata was 'False'
!!! caught exception False while processing ebuild src: app-cdr/k3b-2.0.2-r4
ERROR pkgcore: returned val from gen_metadata was 'False'
!!! caught exception False while processing ebuild src: dev-python/pyffi-2.2.2
Error running an operation:
 Unhandled exception in regen_cache
Exception pkgcore.ebuild.processor.TimeoutError: TimeoutError() in <functools.partial object at 0x7fc788b15050> ignored
Traceback (most recent call last):
  File "/usr/lib64/python2.7/site-packages/pkgcore/ebuild/processor.py", line 91, in shutdown_all_processors
    ignore_keyboard_interrupt=True)
  File "/usr/lib64/python2.7/site-packages/pkgcore/ebuild/processor.py", line 670, in shutdown_processor
    elif self.is_alive:
  File "/usr/lib64/python2.7/site-packages/pkgcore/ebuild/processor.py", line 649, in is_alive
    if not self.expect("yep!", timeout=0.1):
  File "/usr/lib64/python2.7/site-packages/pkgcore/ebuild/processor.py", line 500, in expect
    return self._consume_async_expects()
  File "/usr/lib64/python2.7/site-packages/pkgcore/ebuild/processor.py", line 465, in _consume_async_expects
    got = [x.rstrip('\n') for x in self.readlines(len(self._outstanding_expects))]
  File "/usr/lib64/python2.7/site-packages/pkgcore/ebuild/processor.py", line 505, in readlines
    mydata.append(self.ebd_read.readline())
  File "/usr/lib64/python2.7/site-packages/pkgcore/ebuild/processor.py", line 472, in _timeout_ebp
    raise TimeoutError()
TimeoutError
Error in atexit._run_exitfuncs:
Traceback (most recent call last):
  File "/usr/lib64/python2.7/atexit.py", line 24, in _run_exitfuncs
    func(*targs, **kargs)
  File "/usr/lib64/python2.7/site-packages/pkgcore/spawn.py", line 89, in run_exitfuncs
    func(*targs, **kargs)
  File "/usr/lib64/python2.7/site-packages/pkgcore/ebuild/processor.py", line 70, in _inner
    return functor(*args, **kwds)
  File "/usr/lib64/python2.7/site-packages/pkgcore/ebuild/processor.py", line 91, in shutdown_all_processors
    ignore_keyboard_interrupt=True)
  File "/usr/lib64/python2.7/site-packages/pkgcore/ebuild/processor.py", line 670, in shutdown_processor
    elif self.is_alive:
  File "/usr/lib64/python2.7/site-packages/pkgcore/ebuild/processor.py", line 649, in is_alive
    if not self.expect("yep!", timeout=0.1):
  File "/usr/lib64/python2.7/site-packages/pkgcore/ebuild/processor.py", line 500, in expect
    return self._consume_async_expects()
  File "/usr/lib64/python2.7/site-packages/pkgcore/ebuild/processor.py", line 465, in _consume_async_expects
    got = [x.rstrip('\n') for x in self.readlines(len(self._outstanding_expects))]
  File "/usr/lib64/python2.7/site-packages/pkgcore/ebuild/processor.py", line 505, in readlines
    mydata.append(self.ebd_read.readline())
  File "/usr/lib64/python2.7/site-packages/pkgcore/ebuild/processor.py", line 472, in _timeout_ebp
    raise TimeoutError()
TimeoutError
Error in atexit._run_exitfuncs:
Traceback (most recent call last):
  File "/usr/lib64/python2.7/atexit.py", line 24, in _run_exitfuncs
    func(*targs, **kargs)
  File "/usr/lib64/python2.7/site-packages/snakeoil/weakrefs.py", line 176, in _atexit_cleanup
    obj.__finalizer__()
  File "/usr/lib64/python2.7/site-packages/pkgcore/ebuild/processor.py", line 745, in __del__
    if self.is_alive:
  File "/usr/lib64/python2.7/site-packages/pkgcore/ebuild/processor.py", line 649, in is_alive
    if not self.expect("yep!", timeout=0.1):
  File "/usr/lib64/python2.7/site-packages/pkgcore/ebuild/processor.py", line 500, in expect
    return self._consume_async_expects()
  File "/usr/lib64/python2.7/site-packages/pkgcore/ebuild/processor.py", line 465, in _consume_async_expects
    got = [x.rstrip('\n') for x in self.readlines(len(self._outstanding_expects))]
  File "/usr/lib64/python2.7/site-packages/pkgcore/ebuild/processor.py", line 505, in readlines
    mydata.append(self.ebd_read.readline())
  File "/usr/lib64/python2.7/site-packages/pkgcore/ebuild/processor.py", line 472, in _timeout_ebp
    raise TimeoutError()
TimeoutError
Error in sys.exitfunc:
ERROR pkgcore: 
Traceback (most recent call last):
  File "/usr/lib64/python2.7/atexit.py", line 24, in _run_exitfuncs
    func(*targs, **kargs)
  File "/usr/lib64/python2.7/site-packages/snakeoil/weakrefs.py", line 176, in _atexit_cleanup
    obj.__finalizer__()
  File "/usr/lib64/python2.7/site-packages/pkgcore/ebuild/processor.py", line 745, in __del__
    if self.is_alive:
  File "/usr/lib64/python2.7/site-packages/pkgcore/ebuild/processor.py", line 649, in is_alive
    if not self.expect("yep!", timeout=0.1):
  File "/usr/lib64/python2.7/site-packages/pkgcore/ebuild/processor.py", line 500, in expect
    return self._consume_async_expects()
  File "/usr/lib64/python2.7/site-packages/pkgcore/ebuild/processor.py", line 465, in _consume_async_expects
    got = [x.rstrip('\n') for x in self.readlines(len(self._outstanding_expects))]
  File "/usr/lib64/python2.7/site-packages/pkgcore/ebuild/processor.py", line 505, in readlines
    mydata.append(self.ebd_read.readline())
  File "/usr/lib64/python2.7/site-packages/pkgcore/ebuild/processor.py", line 472, in _timeout_ebp
    raise TimeoutError()
pkgcore.ebuild.processor.TimeoutError
Exception TypeError: TypeError('signal handler must be signal.SIG_IGN, signal.SIG_DFL, or a callable object',) in <functools.partial object at 0x7fc788b6ac00> ignored
 * Cache regen failed with 246
