{'description': {'en': "Flameeyes' private developer overlay"},
 'feed': ['https://cgit.gentoo.org/dev/flameeyes.git/atom/'],
 'homepage': 'http://blog.flameeyes.eu/',
 'name': 'flameeyes-overlay',
 'owner': [{'email': 'flameeyes@gentoo.org', 'name': u'Diego Petten\xf2'}],
 'quality': 'experimental',
 'source': [{'type': 'git',
             'uri': 'git://anongit.gentoo.org/dev/flameeyes.git'},
            {'type': 'git',
             'uri': 'https://anongit.gentoo.org/git/dev/flameeyes.git'},
            {'type': 'git',
             'uri': 'git+ssh://git@git.gentoo.org/dev/flameeyes.git'}],
 'status': 'unofficial'}
$ pmaint sync flameeyes-overlay
WARNING:pkgcore:repository at '/home/mgorny/repos/steveeJ' has unsupported profile format(s): 'profile-set'
Already up-to-date.
*** syncing flameeyes-overlay
*** synced flameeyes-overlay
 * Sync succeeded
$ pmaint regen --use-local-desc --pkg-desc-index -t 2 flameeyes-overlay
WARNING:pkgcore:repository at '/home/mgorny/repos/steveeJ' has unsupported profile format(s): 'profile-set'
WARNING:pkgcore:repository at '/home/mgorny/repos/steveeJ' has unsupported profile format(s): 'profile-set'

!!! ERROR: dev-ruby/ruby-hunspell-9999-r1 failed.
!!! die invoked from directory /home/mgorny/pkgcore-venv/lib/pkgcore
!!! Call stack:
!!!             ebuild-daemon.bash, line 458:  Called __ebd_exec_main 'daemonize'
!!!             ebuild-daemon.bash, line 210:  Called __ebd_main_loop
!!!             ebuild-daemon.bash, line 441:  Called __ebd_process_metadata '221' 'depend'
!!!             ebuild-daemon.bash, line 374:  Called __execute_phases 'depend'
!!!                     ebuild.lib, line 431:  Called __load_ebuild '/home/mgorny/repos/flameeyes-overlay/dev-ruby/ruby-hunspell/ruby-hunspell-9999-r1.ebuild'
!!!                     ebuild.lib, line 252:  Called __qa_invoke 'source' '/home/mgorny/repos/flameeyes-overlay/dev-ruby/ruby-hunspell/ruby-hunspell-9999-r1.ebuild'
!!!         isolated-functions.lib, line 286:  Called source '/home/mgorny/repos/flameeyes-overlay/dev-ruby/ruby-hunspell/ruby-hunspell-9999-r1.ebuild'
!!!   ruby-hunspell-9999-r1.ebuild, line  12:  Called inherit 'git'
!!!   ebuild-default-functions.lib, line 230:  Called __internal_inherit 'git'
!!!              ebuild-daemon.lib, line  35:  Called die
!!! The die message:
!!!  inherit for git failed


!!! ERROR: dev-ruby/ruby-hunspell-9999-r1 failed.
!!! die invoked from directory /home/mgorny/pkgcore-venv/lib/pkgcore
!!! Call stack:
!!!             ebuild-daemon.bash, line 458:  Called __ebd_exec_main 'daemonize'
!!!             ebuild-daemon.bash, line 210:  Called __ebd_main_loop
!!!             ebuild-daemon.bash, line 441:  Called __ebd_process_metadata '221' 'depend'
!!!             ebuild-daemon.bash, line 374:  Called __execute_phases 'depend'
!!!                     ebuild.lib, line 431:  Called __load_ebuild '/home/mgorny/repos/flameeyes-overlay/dev-ruby/ruby-hunspell/ruby-hunspell-9999-r1.ebuild'
!!!                     ebuild.lib, line 252:  Called __qa_invoke 'source' '/home/mgorny/repos/flameeyes-overlay/dev-ruby/ruby-hunspell/ruby-hunspell-9999-r1.ebuild'
!!!         isolated-functions.lib, line 286:  Called source '/home/mgorny/repos/flameeyes-overlay/dev-ruby/ruby-hunspell/ruby-hunspell-9999-r1.ebuild'
!!!   ruby-hunspell-9999-r1.ebuild, line  12:  Called inherit 'git'
!!!   ebuild-default-functions.lib, line 230:  Called __internal_inherit 'git'
!!!              ebuild-daemon.lib, line  35:  Called die
!!! The die message:
!!!  inherit for git failed

sandbox:stop  caught signal 15 in pid 5534
Sandboxed process killed by signal: Terminated
!!! caught exception inherit requires an unknown eclass, git cannot be found while processing ebuild src: dev-ruby/ruby-hunspell-9999-r1
Unhandled exception occurred:
 Metadata Exception: pkg ebuild src: dev-ruby/ruby-hunspell-9999-r1, attr description
 error: Metadata Exception: pkg ebuild src: dev-ruby/ruby-hunspell-9999-r1, attr data
 error: inherit requires an unknown eclass, git cannot be found
 Metadata Exception: pkg ebuild src: dev-ruby/ruby-hunspell-9999-r1, attr data
 error: inherit requires an unknown eclass, git cannot be found
 inherit requires an unknown eclass, git cannot be found
 * Cache regen failed with 246
