{'description': {'en': "jensp's user overlay"},
 'feed': ['https://cgit.gentoo.org/user/jensp.git/atom/'],
 'homepage': 'https://cgit.gentoo.org/user/jensp.git/',
 'name': 'jensp',
 'owner': [{'email': 'jens@chaox.net', 'name': 'Jens Pranaitis'}],
 'quality': 'experimental',
 'source': [{'type': 'git', 'uri': 'git://anongit.gentoo.org/user/jensp.git'},
            {'type': 'git',
             'uri': 'https://anongit.gentoo.org/git/user/jensp.git'},
            {'type': 'git',
             'uri': 'git+ssh://git@git.gentoo.org/user/jensp.git'}],
 'status': 'unofficial'}
$ pmaint sync jensp
WARNING:pkgcore:repository at '/home/mgorny/repos/steveeJ' has unsupported profile format(s): 'profile-set'
Already up-to-date.
*** syncing jensp
*** synced jensp
 * Sync succeeded
$ pmaint regen -t 2 jensp
WARNING:pkgcore:repository at '/home/mgorny/repos/steveeJ' has unsupported profile format(s): 'profile-set'
WARNING:pkgcore:repository at '/home/mgorny/repos/steveeJ' has unsupported profile format(s): 'profile-set'

!!! ERROR: app-text/gscan2pdf-1.0.0 failed.
!!! die invoked from directory /home/mgorny/pkgcore-venv/lib/pkgcore
!!! Call stack:

!!! ERROR: dev-python/pykickstart-9999 failed.
!!!             ebuild-daemon.bash, line 457:  Called __ebd_exec_main 'daemonize'
!!! die invoked from directory /home/mgorny/pkgcore-venv/lib/pkgcore
!!! Call stack:
!!!             ebuild-daemon.bash, line 457:  Called __ebd_exec_main 'daemonize'
!!!             ebuild-daemon.bash, line 209:  Called __ebd_main_loop
!!!             ebuild-daemon.bash, line 209:  Called __ebd_main_loop
!!!             ebuild-daemon.bash, line 440:  Called __ebd_process_metadata '185' 'depend'
!!!             ebuild-daemon.bash, line 440:  Called __ebd_process_metadata '190' 'depend'
!!!             ebuild-daemon.bash, line 373:  Called __execute_phases 'depend'
!!!             ebuild-daemon.bash, line 373:  Called __execute_phases 'depend'
!!!                     ebuild.lib, line 431:  Called __load_ebuild '/home/mgorny/repos/jensp/app-text/gscan2pdf/gscan2pdf-1.0.0.ebuild'
!!!                     ebuild.lib, line 252:  Called __qa_invoke 'source' '/home/mgorny/repos/jensp/app-text/gscan2pdf/gscan2pdf-1.0.0.ebuild'
!!!                     ebuild.lib, line 431:  Called __load_ebuild '/home/mgorny/repos/jensp/dev-python/pykickstart/pykickstart-9999.ebuild'
!!!         isolated-functions.lib, line 286:  Called source '/home/mgorny/repos/jensp/app-text/gscan2pdf/gscan2pdf-1.0.0.ebuild'
!!!                     ebuild.lib, line 252:  Called __qa_invoke 'source' '/home/mgorny/repos/jensp/dev-python/pykickstart/pykickstart-9999.ebuild'
!!!         gscan2pdf-1.0.0.ebuild, line   6:  Called inherit 'perl-app'
!!!         isolated-functions.lib, line 286:  Called source '/home/mgorny/repos/jensp/dev-python/pykickstart/pykickstart-9999.ebuild'
!!!        pykickstart-9999.ebuild, line   7:  Called inherit 'distutils' 'git'

!!! ERROR: www-plugins/lightspark-9999 failed.
!!!   ebuild-default-functions.lib, line 230:  Called __internal_inherit 'perl-app'
!!!   ebuild-default-functions.lib, line 230:  Called __internal_inherit 'git'
!!! die invoked from directory /home/mgorny/pkgcore-venv/lib/pkgcore
!!! Call stack:
!!!              ebuild-daemon.lib, line  30:  Called __qa_invoke 'source' '/home/mgorny/repos/gentoo/eclass/perl-app.eclass'
!!!              ebuild-daemon.lib, line  35:  Called die
!!! The die message:
!!!  inherit for git failed

!!!             ebuild-daemon.bash, line 457:  Called __ebd_exec_main 'daemonize'
!!!         isolated-functions.lib, line 286:  Called source '/home/mgorny/repos/gentoo/eclass/perl-app.eclass'
!!!             ebuild-daemon.bash, line 209:  Called __ebd_main_loop
!!!                perl-app.eclass, line  10:  Called inherit 'perl-module'
!!!             ebuild-daemon.bash, line 440:  Called __ebd_process_metadata '187' 'depend'
!!!   ebuild-default-functions.lib, line 230:  Called __internal_inherit 'perl-module'
!!!             ebuild-daemon.bash, line 373:  Called __execute_phases 'depend'
!!!                     ebuild.lib, line 431:  Called __load_ebuild '/home/mgorny/repos/jensp/www-plugins/lightspark/lightspark-9999.ebuild'
!!!              ebuild-daemon.lib, line  30:  Called __qa_invoke 'source' '/home/mgorny/repos/gentoo/eclass/perl-module.eclass'
!!!         isolated-functions.lib, line 286:  Called source '/home/mgorny/repos/gentoo/eclass/perl-module.eclass'
!!!                     ebuild.lib, line 252:  Called __qa_invoke 'source' '/home/mgorny/repos/jensp/www-plugins/lightspark/lightspark-9999.ebuild'
!!!             perl-module.eclass, line  40:  Called die
!!! The die message:
!!!  EAPI=2 is not supported by perl-module.eclass

!!!         isolated-functions.lib, line 286:  Called source '/home/mgorny/repos/jensp/www-plugins/lightspark/lightspark-9999.ebuild'
!!!         lightspark-9999.ebuild, line   7:  Called inherit 'cmake-utils' 'nsplugins' 'multilib' 'git'
!!!   ebuild-default-functions.lib, line 230:  Called __internal_inherit 'git'
!!!              ebuild-daemon.lib, line  35:  Called die
!!! The die message:
!!!  inherit for git failed

!!! caught exception inherit requires an unknown eclass, git cannot be found while processing ebuild src: dev-python/pykickstart-9999
!!! caught exception inherit requires an unknown eclass, git cannot be found while processing ebuild src: www-plugins/lightspark-9999
!!! caught exception Metadata Exception: pkg ebuild src: media-libs/glee-5.40, attr eapi
error: parsed eapi doesn't match sourced eapi while processing ebuild src: media-libs/glee-5.40
ERROR pkgcore: returned val from gen_metadata was 'False'
!!! caught exception False while processing ebuild src: app-text/gscan2pdf-1.0.0
Error running an operation:
 Unhandled exception in regen_cache
Exception pkgcore.ebuild.processor.TimeoutError: TimeoutError() in <functools.partial object at 0x7fba7e453418> ignored
Traceback (most recent call last):
  File "/home/mgorny/pkgcore-venv/lib/python2.7/site-packages/pkgcore/ebuild/processor.py", line 91, in shutdown_all_processors
    ignore_keyboard_interrupt=True)
  File "/home/mgorny/pkgcore-venv/lib/python2.7/site-packages/pkgcore/ebuild/processor.py", line 670, in shutdown_processor
    elif self.is_alive:
  File "/home/mgorny/pkgcore-venv/lib/python2.7/site-packages/pkgcore/ebuild/processor.py", line 649, in is_alive
    if not self.expect("yep!", timeout=0.1):
  File "/home/mgorny/pkgcore-venv/lib/python2.7/site-packages/pkgcore/ebuild/processor.py", line 500, in expect
    return self._consume_async_expects()
  File "/home/mgorny/pkgcore-venv/lib/python2.7/site-packages/pkgcore/ebuild/processor.py", line 465, in _consume_async_expects
    got = [x.rstrip('\n') for x in self.readlines(len(self._outstanding_expects))]
  File "/home/mgorny/pkgcore-venv/lib/python2.7/site-packages/pkgcore/ebuild/processor.py", line 505, in readlines
    mydata.append(self.ebd_read.readline())
  File "/home/mgorny/pkgcore-venv/lib/python2.7/site-packages/pkgcore/ebuild/processor.py", line 472, in _timeout_ebp
    raise TimeoutError()
TimeoutError
Error in atexit._run_exitfuncs:
Traceback (most recent call last):
  File "/usr/lib64/python2.7/atexit.py", line 24, in _run_exitfuncs
    func(*targs, **kargs)
  File "/home/mgorny/pkgcore-venv/lib/python2.7/site-packages/pkgcore/spawn.py", line 89, in run_exitfuncs
    func(*targs, **kargs)
  File "/home/mgorny/pkgcore-venv/lib/python2.7/site-packages/pkgcore/ebuild/processor.py", line 70, in _inner
    return functor(*args, **kwds)
  File "/home/mgorny/pkgcore-venv/lib/python2.7/site-packages/pkgcore/ebuild/processor.py", line 91, in shutdown_all_processors
    ignore_keyboard_interrupt=True)
  File "/home/mgorny/pkgcore-venv/lib/python2.7/site-packages/pkgcore/ebuild/processor.py", line 670, in shutdown_processor
    elif self.is_alive:
  File "/home/mgorny/pkgcore-venv/lib/python2.7/site-packages/pkgcore/ebuild/processor.py", line 649, in is_alive
    if not self.expect("yep!", timeout=0.1):
  File "/home/mgorny/pkgcore-venv/lib/python2.7/site-packages/pkgcore/ebuild/processor.py", line 500, in expect
    return self._consume_async_expects()
  File "/home/mgorny/pkgcore-venv/lib/python2.7/site-packages/pkgcore/ebuild/processor.py", line 465, in _consume_async_expects
    got = [x.rstrip('\n') for x in self.readlines(len(self._outstanding_expects))]
  File "/home/mgorny/pkgcore-venv/lib/python2.7/site-packages/pkgcore/ebuild/processor.py", line 505, in readlines
    mydata.append(self.ebd_read.readline())
  File "/home/mgorny/pkgcore-venv/lib/python2.7/site-packages/pkgcore/ebuild/processor.py", line 472, in _timeout_ebp
    raise TimeoutError()
TimeoutError
Error in atexit._run_exitfuncs:
Traceback (most recent call last):
  File "/usr/lib64/python2.7/atexit.py", line 24, in _run_exitfuncs
    func(*targs, **kargs)
  File "/home/mgorny/pkgcore-venv/lib/python2.7/site-packages/snakeoil/weakrefs.py", line 176, in _atexit_cleanup
    obj.__finalizer__()
  File "/home/mgorny/pkgcore-venv/lib/python2.7/site-packages/pkgcore/ebuild/processor.py", line 745, in __del__
    if self.is_alive:
  File "/home/mgorny/pkgcore-venv/lib/python2.7/site-packages/pkgcore/ebuild/processor.py", line 649, in is_alive
    if not self.expect("yep!", timeout=0.1):
  File "/home/mgorny/pkgcore-venv/lib/python2.7/site-packages/pkgcore/ebuild/processor.py", line 500, in expect
    return self._consume_async_expects()
  File "/home/mgorny/pkgcore-venv/lib/python2.7/site-packages/pkgcore/ebuild/processor.py", line 465, in _consume_async_expects
    got = [x.rstrip('\n') for x in self.readlines(len(self._outstanding_expects))]
  File "/home/mgorny/pkgcore-venv/lib/python2.7/site-packages/pkgcore/ebuild/processor.py", line 505, in readlines
    mydata.append(self.ebd_read.readline())
  File "/home/mgorny/pkgcore-venv/lib/python2.7/site-packages/pkgcore/ebuild/processor.py", line 472, in _timeout_ebp
    raise TimeoutError()
TimeoutError
Error in sys.exitfunc:
ERROR pkgcore: 
Traceback (most recent call last):
  File "/usr/lib64/python2.7/atexit.py", line 24, in _run_exitfuncs
    func(*targs, **kargs)
  File "/home/mgorny/pkgcore-venv/lib/python2.7/site-packages/snakeoil/weakrefs.py", line 176, in _atexit_cleanup
    obj.__finalizer__()
  File "/home/mgorny/pkgcore-venv/lib/python2.7/site-packages/pkgcore/ebuild/processor.py", line 745, in __del__
    if self.is_alive:
  File "/home/mgorny/pkgcore-venv/lib/python2.7/site-packages/pkgcore/ebuild/processor.py", line 649, in is_alive
    if not self.expect("yep!", timeout=0.1):
  File "/home/mgorny/pkgcore-venv/lib/python2.7/site-packages/pkgcore/ebuild/processor.py", line 500, in expect
    return self._consume_async_expects()
  File "/home/mgorny/pkgcore-venv/lib/python2.7/site-packages/pkgcore/ebuild/processor.py", line 465, in _consume_async_expects
    got = [x.rstrip('\n') for x in self.readlines(len(self._outstanding_expects))]
  File "/home/mgorny/pkgcore-venv/lib/python2.7/site-packages/pkgcore/ebuild/processor.py", line 505, in readlines
    mydata.append(self.ebd_read.readline())
  File "/home/mgorny/pkgcore-venv/lib/python2.7/site-packages/pkgcore/ebuild/processor.py", line 472, in _timeout_ebp
    raise TimeoutError()
pkgcore.ebuild.processor.TimeoutError
Exception TypeError: TypeError('signal handler must be signal.SIG_IGN, signal.SIG_DFL, or a callable object',) in <functools.partial object at 0x7fba7e4adcb0> ignored
 * Cache regen failed with 246
