{u'description': [u'rasdark personal overlay'],
 u'feeds': [],
 u'homepage': u'https://github.com/rasdark/overlay',
 u'irc': None,
 u'name': u'rasdark',
 u'official': False,
 u'owner_email': u'andrew.senik@gmail.com',
 u'owner_name': u'Andrey Senik',
 u'priority': 50,
 u'quality': u'experimental',
 u'sources': [(u'git://github.com/rasdark/overlay.git', u'Git', u'')],
 u'status': u'unofficial',
 u'supported': True}
$ pmaint sync rasdark
WARNING:pkgcore:repository at '/home/mgorny/repos/steveeJ' has unsupported profile format(s): 'profile-set'
Already up-to-date.
*** syncing rasdark
*** synced rasdark
 * Sync succeeded
$ pmaint regen -t 2 rasdark
WARNING:pkgcore:repository at '/home/mgorny/repos/steveeJ' has unsupported profile format(s): 'profile-set'
WARNING:pkgcore:repository at '/home/mgorny/repos/steveeJ' has unsupported profile format(s): 'profile-set'
WARNING: 'use' function invoked by mail-client/davmail-bin-4.6.1 during metadata regeneration.
WARNING: Please ensure upstream is aware of it and working to remove it.

/usr/lib/pkgcore/ebuild-default-functions.lib: eval: line 260: syntax error near unexpected token `('
/usr/lib/pkgcore/ebuild-default-functions.lib: eval: line 260: `src_configure src_compile src_install() { deadbeef-plugins_src_configure src_compile src_install $@ ; }'
/usr/lib/pkgcore/ebuild-default-functions.lib: eval: line 260: syntax error near unexpected token `('
/usr/lib/pkgcore/ebuild-default-functions.lib: eval: line 260: `src_configure src_compile src_install() { deadbeef-plugins_src_configure src_compile src_install $@ ; }'
/usr/lib/pkgcore/ebuild-default-functions.lib: eval: line 260: syntax error near unexpected token `('
/usr/lib/pkgcore/ebuild-default-functions.lib: eval: line 260: `src_configure src_compile src_install() { deadbeef-plugins_src_configure src_compile src_install $@ ; }'
/usr/lib/pkgcore/ebuild-default-functions.lib: eval: line 260: syntax error near unexpected token `('
/usr/lib/pkgcore/ebuild-default-functions.lib: eval: line 260: `src_configure src_compile src_install() { deadbeef-plugins_src_configure src_compile src_install $@ ; }'
/usr/lib/pkgcore/ebuild-default-functions.lib: eval: line 260: syntax error near unexpected token `('
/usr/lib/pkgcore/ebuild-default-functions.lib: eval: line 260: `src_configure src_compile src_install() { deadbeef-plugins_src_configure src_compile src_install $@ ; }'
/usr/lib/pkgcore/ebuild-default-functions.lib: eval: line 260: syntax error near unexpected token `('
/usr/lib/pkgcore/ebuild-default-functions.lib: eval: line 260: `src_configure src_compile src_install() { deadbeef-plugins_src_configure src_compile src_install $@ ; }'
WARNING: 'use' function invoked by net-im/qutim-9999 during metadata regeneration.
WARNING: Please ensure upstream is aware of it and working to remove it.

WARNING: 'use' function invoked by net-im/qutim-9999 during metadata regeneration.
WARNING: Please ensure upstream is aware of it and working to remove it.

WARNING: 'use' function invoked by net-im/qutim-9999 during metadata regeneration.
WARNING: Please ensure upstream is aware of it and working to remove it.

WARNING: 'use' function invoked by net-im/qutim-9999 during metadata regeneration.
WARNING: Please ensure upstream is aware of it and working to remove it.

/usr/lib/pkgcore/ebuild-default-functions.lib: eval: line 260: syntax error near unexpected token `('
/usr/lib/pkgcore/ebuild-default-functions.lib: eval: line 260: `src_configure src_compile src_install() { deadbeef-plugins_src_configure src_compile src_install $@ ; }'
/usr/lib/pkgcore/ebuild-default-functions.lib: eval: line 260: syntax error near unexpected token `('
/usr/lib/pkgcore/ebuild-default-functions.lib: eval: line 260: `src_configure src_compile src_install() { deadbeef-plugins_src_configure src_compile src_install $@ ; }'
/usr/lib/pkgcore/ebuild-default-functions.lib: eval: line 260: syntax error near unexpected token `('
/usr/lib/pkgcore/ebuild-default-functions.lib: eval: line 260: `src_configure src_compile src_install() { deadbeef-plugins_src_configure src_compile src_install $@ ; }'
/usr/lib/pkgcore/ebuild-default-functions.lib: eval: line 260: syntax error near unexpected token `('
/usr/lib/pkgcore/ebuild-default-functions.lib: eval: line 260: `src_configure src_compile src_install() { deadbeef-plugins_src_configure src_compile src_install $@ ; }'
/usr/lib/pkgcore/ebuild-default-functions.lib: eval: line 260: syntax error near unexpected token `('
/usr/lib/pkgcore/ebuild-default-functions.lib: eval: line 260: `src_configure src_compile src_install() { deadbeef-plugins_src_configure src_compile src_install $@ ; }'
/usr/lib/pkgcore/ebuild-default-functions.lib: eval: line 260: syntax error near unexpected token `('
/usr/lib/pkgcore/ebuild-default-functions.lib: eval: line 260: `src_configure src_compile src_install() { deadbeef-plugins_src_configure src_compile src_install $@ ; }'
/usr/lib/pkgcore/ebuild-default-functions.lib: eval: line 260: syntax error near unexpected token `('
/usr/lib/pkgcore/ebuild-default-functions.lib: eval: line 260: `src_configure src_compile src_install() { deadbeef-plugins_src_configure src_compile src_install $@ ; }'
/usr/lib/pkgcore/ebuild-default-functions.lib: eval: line 260: syntax error near unexpected token `('
/usr/lib/pkgcore/ebuild-default-functions.lib: eval: line 260: `src_configure src_compile src_install() { deadbeef-plugins_src_configure src_compile src_install $@ ; }'
/usr/lib/pkgcore/ebuild-default-functions.lib: eval: line 260: syntax error near unexpected token `('
/usr/lib/pkgcore/ebuild-default-functions.lib: eval: line 260: `src_configure src_compile src_install() { deadbeef-plugins_src_configure src_compile src_install $@ ; }'
/usr/lib/pkgcore/ebuild-default-functions.lib: eval: line 260: syntax error near unexpected token `('
/usr/lib/pkgcore/ebuild-default-functions.lib: eval: line 260: `src_configure src_compile src_install() { deadbeef-plugins_src_configure src_compile src_install $@ ; }'
/usr/lib/pkgcore/ebuild-default-functions.lib: eval: line 260: syntax error near unexpected token `('
/usr/lib/pkgcore/ebuild-default-functions.lib: eval: line 260: `src_configure src_compile src_install() { deadbeef-plugins_src_configure src_compile src_install $@ ; }'
/usr/lib/pkgcore/ebuild-default-functions.lib: eval: line 260: syntax error near unexpected token `('
/usr/lib/pkgcore/ebuild-default-functions.lib: eval: line 260: `src_configure src_compile src_install() { deadbeef-plugins_src_configure src_compile src_install $@ ; }'
/usr/lib/pkgcore/ebuild-default-functions.lib: eval: line 260: syntax error near unexpected token `('
/usr/lib/pkgcore/ebuild-default-functions.lib: eval: line 260: `src_configure src_compile src_install() { deadbeef-plugins_src_configure src_compile src_install $@ ; }'
/usr/lib/pkgcore/ebuild-default-functions.lib: eval: line 260: syntax error near unexpected token `('
/usr/lib/pkgcore/ebuild-default-functions.lib: eval: line 260: `src_configure src_compile src_install() { deadbeef-plugins_src_configure src_compile src_install $@ ; }'
/usr/lib/pkgcore/ebuild-default-functions.lib: eval: line 260: syntax error near unexpected token `('
/usr/lib/pkgcore/ebuild-default-functions.lib: eval: line 260: `src_configure src_compile src_install() { deadbeef-plugins_src_configure src_compile src_install $@ ; }'
/usr/lib/pkgcore/ebuild-default-functions.lib: eval: line 260: syntax error near unexpected token `('
/usr/lib/pkgcore/ebuild-default-functions.lib: eval: line 260: `src_configure src_compile src_install() { deadbeef-plugins_src_configure src_compile src_install $@ ; }'
/usr/lib/pkgcore/ebuild-default-functions.lib: eval: line 260: syntax error near unexpected token `('
/usr/lib/pkgcore/ebuild-default-functions.lib: eval: line 260: `src_configure src_compile src_install() { deadbeef-plugins_src_configure src_compile src_install $@ ; }'
/usr/lib/pkgcore/ebuild-default-functions.lib: eval: line 260: syntax error near unexpected token `('
/usr/lib/pkgcore/ebuild-default-functions.lib: eval: line 260: `src_configure src_compile src_install() { deadbeef-plugins_src_configure src_compile src_install $@ ; }'
/usr/lib/pkgcore/ebuild-default-functions.lib: eval: line 260: syntax error near unexpected token `('
/usr/lib/pkgcore/ebuild-default-functions.lib: eval: line 260: `src_configure src_compile src_install() { deadbeef-plugins_src_configure src_compile src_install $@ ; }'
/usr/lib/pkgcore/ebuild-default-functions.lib: eval: line 260: syntax error near unexpected token `('
/usr/lib/pkgcore/ebuild-default-functions.lib: eval: line 260: `src_configure src_compile src_install() { deadbeef-plugins_src_configure src_compile src_install $@ ; }'
/usr/lib/pkgcore/ebuild-default-functions.lib: eval: line 260: syntax error near unexpected token `('
/usr/lib/pkgcore/ebuild-default-functions.lib: eval: line 260: `src_configure src_compile src_install() { deadbeef-plugins_src_configure src_compile src_install $@ ; }'
/usr/lib/pkgcore/ebuild-default-functions.lib: eval: line 260: syntax error near unexpected token `('
/usr/lib/pkgcore/ebuild-default-functions.lib: eval: line 260: `src_configure src_compile src_install() { deadbeef-plugins_src_configure src_compile src_install $@ ; }'
/usr/lib/pkgcore/ebuild-default-functions.lib: eval: line 260: syntax error near unexpected token `('
/usr/lib/pkgcore/ebuild-default-functions.lib: eval: line 260: `src_configure src_compile src_install() { deadbeef-plugins_src_configure src_compile src_install $@ ; }'
/usr/lib/pkgcore/ebuild-default-functions.lib: eval: line 260: syntax error near unexpected token `('
/usr/lib/pkgcore/ebuild-default-functions.lib: eval: line 260: `src_configure src_compile src_install() { deadbeef-plugins_src_configure src_compile src_install $@ ; }'
/usr/lib/pkgcore/ebuild-default-functions.lib: eval: line 260: syntax error near unexpected token `('
/usr/lib/pkgcore/ebuild-default-functions.lib: eval: line 260: `src_configure src_compile src_install() { deadbeef-plugins_src_configure src_compile src_install $@ ; }'
/usr/lib/pkgcore/ebuild-default-functions.lib: eval: line 260: syntax error near unexpected token `('
/usr/lib/pkgcore/ebuild-default-functions.lib: eval: line 260: `src_configure src_compile src_install() { deadbeef-plugins_src_configure src_compile src_install $@ ; }'
/usr/lib/pkgcore/ebuild-default-functions.lib: eval: line 260: syntax error near unexpected token `('
/usr/lib/pkgcore/ebuild-default-functions.lib: eval: line 260: `src_configure src_compile src_install() { deadbeef-plugins_src_configure src_compile src_install $@ ; }'
Error running an operation:
 Unhandled exception in regen_cache
Exception pkgcore.ebuild.processor.TimeoutError: TimeoutError() in <functools.partial object at 0x7f31c33eb788> ignored
Traceback (most recent call last):
  File "/usr/lib64/python2.7/site-packages/pkgcore/ebuild/processor.py", line 91, in shutdown_all_processors
    ignore_keyboard_interrupt=True)
  File "/usr/lib64/python2.7/site-packages/pkgcore/ebuild/processor.py", line 670, in shutdown_processor
    elif self.is_alive:
  File "/usr/lib64/python2.7/site-packages/pkgcore/ebuild/processor.py", line 649, in is_alive
    if not self.expect("yep!", timeout=0.1):
  File "/usr/lib64/python2.7/site-packages/pkgcore/ebuild/processor.py", line 500, in expect
    return self._consume_async_expects()
  File "/usr/lib64/python2.7/site-packages/pkgcore/ebuild/processor.py", line 465, in _consume_async_expects
    got = [x.rstrip('\n') for x in self.readlines(len(self._outstanding_expects))]
  File "/usr/lib64/python2.7/site-packages/pkgcore/ebuild/processor.py", line 505, in readlines
    mydata.append(self.ebd_read.readline())
  File "/usr/lib64/python2.7/site-packages/pkgcore/ebuild/processor.py", line 472, in _timeout_ebp
    raise TimeoutError()
TimeoutError
Error in atexit._run_exitfuncs:
Traceback (most recent call last):
  File "/usr/lib64/python2.7/atexit.py", line 24, in _run_exitfuncs
    func(*targs, **kargs)
  File "/usr/lib64/python2.7/site-packages/pkgcore/spawn.py", line 89, in run_exitfuncs
    func(*targs, **kargs)
  File "/usr/lib64/python2.7/site-packages/pkgcore/ebuild/processor.py", line 70, in _inner
    return functor(*args, **kwds)
  File "/usr/lib64/python2.7/site-packages/pkgcore/ebuild/processor.py", line 91, in shutdown_all_processors
    ignore_keyboard_interrupt=True)
  File "/usr/lib64/python2.7/site-packages/pkgcore/ebuild/processor.py", line 670, in shutdown_processor
    elif self.is_alive:
  File "/usr/lib64/python2.7/site-packages/pkgcore/ebuild/processor.py", line 649, in is_alive
    if not self.expect("yep!", timeout=0.1):
  File "/usr/lib64/python2.7/site-packages/pkgcore/ebuild/processor.py", line 500, in expect
    return self._consume_async_expects()
  File "/usr/lib64/python2.7/site-packages/pkgcore/ebuild/processor.py", line 465, in _consume_async_expects
    got = [x.rstrip('\n') for x in self.readlines(len(self._outstanding_expects))]
  File "/usr/lib64/python2.7/site-packages/pkgcore/ebuild/processor.py", line 505, in readlines
    mydata.append(self.ebd_read.readline())
  File "/usr/lib64/python2.7/site-packages/pkgcore/ebuild/processor.py", line 472, in _timeout_ebp
    raise TimeoutError()
TimeoutError
Error in sys.exitfunc:
ERROR pkgcore: 
Traceback (most recent call last):
  File "/usr/lib64/python2.7/atexit.py", line 24, in _run_exitfuncs
    func(*targs, **kargs)
  File "/usr/lib64/python2.7/site-packages/pkgcore/spawn.py", line 89, in run_exitfuncs
    func(*targs, **kargs)
  File "/usr/lib64/python2.7/site-packages/pkgcore/ebuild/processor.py", line 70, in _inner
    return functor(*args, **kwds)
  File "/usr/lib64/python2.7/site-packages/pkgcore/ebuild/processor.py", line 91, in shutdown_all_processors
    ignore_keyboard_interrupt=True)
  File "/usr/lib64/python2.7/site-packages/pkgcore/ebuild/processor.py", line 670, in shutdown_processor
    elif self.is_alive:
  File "/usr/lib64/python2.7/site-packages/pkgcore/ebuild/processor.py", line 649, in is_alive
    if not self.expect("yep!", timeout=0.1):
  File "/usr/lib64/python2.7/site-packages/pkgcore/ebuild/processor.py", line 500, in expect
    return self._consume_async_expects()
  File "/usr/lib64/python2.7/site-packages/pkgcore/ebuild/processor.py", line 465, in _consume_async_expects
    got = [x.rstrip('\n') for x in self.readlines(len(self._outstanding_expects))]
  File "/usr/lib64/python2.7/site-packages/pkgcore/ebuild/processor.py", line 505, in readlines
    mydata.append(self.ebd_read.readline())
  File "/usr/lib64/python2.7/site-packages/pkgcore/ebuild/processor.py", line 472, in _timeout_ebp
    raise TimeoutError()
pkgcore.ebuild.processor.TimeoutError
 * Cache regen failed with 246
