{'description': {'en': 'Various ebuilds by Konsult Stuge'},
 'homepage': 'http://stuge.se/',
 'name': 'stuge',
 'owner': [{'email': 'peter@stuge.se',
            'name': 'Peter Stuge',
            'type': 'person'}],
 'quality': 'experimental',
 'source': [{'type': 'git', 'uri': 'git://git.stuge.se/stuge-overlay.git'}],
 'status': 'unofficial'}
$ pmaint sync stuge
WARNING:pkgcore:repository at '/home/mgorny/repos/steveeJ' has unsupported profile format(s): 'profile-set'
WARNING:pkgcore:repository at '/home/mgorny/repos/steveeJ' has unsupported profile format(s): 'profile-set'
Already up-to-date.
*** syncing stuge
*** synced stuge
 * Sync succeeded
$ pmaint regen -t 2 stuge
WARNING:pkgcore:repository at '/home/mgorny/repos/steveeJ' has unsupported profile format(s): 'profile-set'
WARNING:pkgcore:repository at '/home/mgorny/repos/steveeJ' has unsupported profile format(s): 'profile-set'
 * Use PYTHON_DEPEND variable instead of NEED_PYTHON variable.

!!! ERROR: games-puzzle/gnome-sudoku-0.7.1 failed.
!!! die invoked from directory /home/mgorny/pkgcore-venv/lib/pkgcore
!!! Call stack:
!!!             ebuild-daemon.bash, line 457:  Called __ebd_exec_main 'daemonize'
!!!             ebuild-daemon.bash, line 209:  Called __ebd_main_loop

!!! ERROR: sci-misc/qcad-2.0.5.0 failed.
!!! die invoked from directory /home/mgorny/pkgcore-venv/lib/pkgcore
!!! Call stack:
!!!             ebuild-daemon.bash, line 440:  Called __ebd_process_metadata '210' 'depend'
!!!             ebuild-daemon.bash, line 457:  Called __ebd_exec_main 'daemonize'
!!!             ebuild-daemon.bash, line 373:  Called __execute_phases 'depend'
!!!             ebuild-daemon.bash, line 209:  Called __ebd_main_loop
!!!                     ebuild.lib, line 431:  Called __load_ebuild '/home/mgorny/repos/stuge/games-puzzle/gnome-sudoku/gnome-sudoku-0.7.1.ebuild'
!!!             ebuild-daemon.bash, line 440:  Called __ebd_process_metadata '170' 'depend'
!!!                     ebuild.lib, line 252:  Called __qa_invoke 'source' '/home/mgorny/repos/stuge/games-puzzle/gnome-sudoku/gnome-sudoku-0.7.1.ebuild'
!!!             ebuild-daemon.bash, line 373:  Called __execute_phases 'depend'
!!!         isolated-functions.lib, line 286:  Called source '/home/mgorny/repos/stuge/games-puzzle/gnome-sudoku/gnome-sudoku-0.7.1.ebuild'
 * 
 * "/home/mgorny/repos/stuge/www-apps/trac-authopenid/trac-authopenid-0.2.2.ebuild":
 * Deprecation Warning: Usage of distutils.eclass in packages not supporting installation
 * for multiple Python ABIs in EAPI <=2 is deprecated.
 * The ebuild should to be fixed. Please report a bug, if it has not been already reported.
 * 
!!!                     ebuild.lib, line 431:  Called __load_ebuild '/home/mgorny/repos/stuge/sci-misc/qcad/qcad-2.0.5.0.ebuild'

!!! ERROR: dev-perl/Device-Gsm-1.60 failed.
!!!      gnome-sudoku-0.7.1.ebuild, line   6:  Called inherit 'python'
!!! die invoked from directory /home/mgorny/pkgcore-venv/lib/pkgcore
!!! Call stack:
!!!                     ebuild.lib, line 252:  Called __qa_invoke 'source' '/home/mgorny/repos/stuge/sci-misc/qcad/qcad-2.0.5.0.ebuild'
!!!   ebuild-default-functions.lib, line 230:  Called __internal_inherit 'python'
!!!             ebuild-daemon.bash, line 457:  Called __ebd_exec_main 'daemonize'
!!!         isolated-functions.lib, line 286:  Called source '/home/mgorny/repos/stuge/sci-misc/qcad/qcad-2.0.5.0.ebuild'
!!!             ebuild-daemon.bash, line 209:  Called __ebd_main_loop
!!!              ebuild-daemon.lib, line  30:  Called __qa_invoke 'source' '/home/mgorny/repos/gentoo/eclass/python.eclass'
!!!            qcad-2.0.5.0.ebuild, line   5:  Called inherit 'kde-functions' 'eutils'
!!!         isolated-functions.lib, line 286:  Called source '/home/mgorny/repos/gentoo/eclass/python.eclass'
!!!             ebuild-daemon.bash, line 440:  Called __ebd_process_metadata '187' 'depend'
!!!                  python.eclass, line 277:  Called die
!!! The die message:
!!!  NEED_PYTHON variable is banned

!!!   ebuild-default-functions.lib, line 230:  Called __internal_inherit 'kde-functions'
 * 
 * "/home/mgorny/repos/stuge/www-apps/trac-spamfilter/trac-spamfilter-0.12.9999.ebuild":
 * Deprecation Warning: Usage of distutils.eclass in packages not supporting installation
 * for multiple Python ABIs in EAPI <=2 is deprecated.
 * The ebuild should to be fixed. Please report a bug, if it has not been already reported.
 * 
!!!              ebuild-daemon.lib, line  35:  Called die
!!! The die message:
!!!  inherit for kde-functions failed


!!! ERROR: sys-power/pm-utils-1.4.1-r3 failed.
!!!             ebuild-daemon.bash, line 373:  Called __execute_phases 'depend'
!!! die invoked from directory /home/mgorny/pkgcore-venv/lib/pkgcore
!!! Call stack:
 * 
 * "/home/mgorny/repos/stuge/www-apps/trac-ticketguidelines/trac-ticketguidelines-9999.ebuild":
 * Deprecation Warning: Usage of distutils.eclass in packages not supporting installation
 * for multiple Python ABIs in EAPI <=2 is deprecated.
 * The ebuild should to be fixed. Please report a bug, if it has not been already reported.
 * 
!!!             ebuild-daemon.bash, line 457:  Called __ebd_exec_main 'daemonize'
!!!                     ebuild.lib, line 431:  Called __load_ebuild '/home/mgorny/repos/stuge/dev-perl/Device-Gsm/Device-Gsm-1.60.ebuild'
!!!             ebuild-daemon.bash, line 209:  Called __ebd_main_loop
!!!                     ebuild.lib, line 252:  Called __qa_invoke 'source' '/home/mgorny/repos/stuge/dev-perl/Device-Gsm/Device-Gsm-1.60.ebuild'
 * 
 * "/home/mgorny/repos/stuge/www-apps/trac-downloads/trac-downloads-0.11.9999.ebuild":
 * Deprecation Warning: Usage of distutils.eclass in packages not supporting installation
 * for multiple Python ABIs in EAPI <=2 is deprecated.
 * The ebuild should to be fixed. Please report a bug, if it has not been already reported.
 * 
 * 
 * "/home/mgorny/repos/stuge/www-apps/trac-mastertickets/trac-mastertickets-0.11.9999.ebuild":
 * Deprecation Warning: Usage of distutils.eclass in packages not supporting installation
 * for multiple Python ABIs in EAPI <=2 is deprecated.
 * The ebuild should to be fixed. Please report a bug, if it has not been already reported.
 * 
!!!             ebuild-daemon.bash, line 440:  Called __ebd_process_metadata '193' 'depend'
!!!         isolated-functions.lib, line 286:  Called source '/home/mgorny/repos/stuge/dev-perl/Device-Gsm/Device-Gsm-1.60.ebuild'
!!!             ebuild-daemon.bash, line 373:  Called __execute_phases 'depend'
!!!         Device-Gsm-1.60.ebuild, line   7:  Called inherit 'perl-module'
!!!                     ebuild.lib, line 431:  Called __load_ebuild '/home/mgorny/repos/stuge/sys-power/pm-utils/pm-utils-1.4.1-r3.ebuild'
!!!   ebuild-default-functions.lib, line 230:  Called __internal_inherit 'perl-module'
!!!              ebuild-daemon.lib, line  30:  Called __qa_invoke 'source' '/home/mgorny/repos/gentoo/eclass/perl-module.eclass'
!!!                     ebuild.lib, line 252:  Called __qa_invoke 'source' '/home/mgorny/repos/stuge/sys-power/pm-utils/pm-utils-1.4.1-r3.ebuild'
!!!         isolated-functions.lib, line 286:  Called source '/home/mgorny/repos/stuge/sys-power/pm-utils/pm-utils-1.4.1-r3.ebuild'
!!!         isolated-functions.lib, line 286:  Called source '/home/mgorny/repos/gentoo/eclass/perl-module.eclass'
 * 
 * "/home/mgorny/repos/stuge/dev-python/xsv/xsv-3.1.ebuild":
 * Deprecation Warning: Usage of distutils.eclass in packages not supporting installation
 * for multiple Python ABIs in EAPI <=2 is deprecated.
 * The ebuild should to be fixed. Please report a bug, if it has not been already reported.
 * 
!!!             perl-module.eclass, line  40:  Called die
!!! The die message:
!!!  EAPI=4 is not supported by perl-module.eclass

!!!       pm-utils-1.4.1-r3.ebuild, line   7:  Called inherit 'eutils'

!!! ERROR: net-misc/openggsn-9999 failed.
!!! die invoked from directory /home/mgorny/pkgcore-venv/lib/pkgcore
!!! Call stack:
!!!   ebuild-default-functions.lib, line 230:  Called __internal_inherit 'eutils'
!!!              ebuild-daemon.lib, line  37:  Called die
!!! The die message:
!!!  unknown inherit command from pythonic side, 'gen_metadata 180' for eclass eutils

received unknown com: export CATEGORY='dev-libs' PR=r0 PVR='0.0' PV='0.0' EBUILD='/home/mgorny/repos/stuge/dev-libs/libhexfile/libhexfile-0.0.ebuild' P='libhexfile-0.0' PF='libhexfile-0.0' PN=libhexfilepath
!!!             ebuild-daemon.bash, line 457:  Called __ebd_exec_main 'daemonize'
!!!             ebuild-daemon.bash, line 209:  Called __ebd_main_loop
!!!             ebuild-daemon.bash, line 440:  Called __ebd_process_metadata '171' 'depend'
!!!             ebuild-daemon.bash, line 373:  Called __execute_phases 'depend'

!!! ERROR: net-misc/openbsc-9999 failed.
!!! die invoked from directory /home/mgorny/pkgcore-venv/lib/pkgcore
!!! Call stack:
!!!                     ebuild.lib, line 431:  Called __load_ebuild '/home/mgorny/repos/stuge/net-misc/openggsn/openggsn-9999.ebuild'
!!!             ebuild-daemon.bash, line 457:  Called __ebd_exec_main 'daemonize'
!!!                     ebuild.lib, line 252:  Called __qa_invoke 'source' '/home/mgorny/repos/stuge/net-misc/openggsn/openggsn-9999.ebuild'
!!!         isolated-functions.lib, line 286:  Called source '/home/mgorny/repos/stuge/net-misc/openggsn/openggsn-9999.ebuild'
!!!             ebuild-daemon.bash, line 209:  Called __ebd_main_loop
!!!           openggsn-9999.ebuild, line   4:  Called inherit 'git' 'autotools'
!!!   ebuild-default-functions.lib, line 230:  Called __internal_inherit 'git'
!!!             ebuild-daemon.bash, line 440:  Called __ebd_process_metadata '166' 'depend'
!!!              ebuild-daemon.lib, line  35:  Called die
!!! The die message:
!!!  inherit for git failed

!!!             ebuild-daemon.bash, line 373:  Called __execute_phases 'depend'
!!!                     ebuild.lib, line 431:  Called __load_ebuild '/home/mgorny/repos/stuge/net-misc/openbsc/openbsc-9999.ebuild'
!!!                     ebuild.lib, line 252:  Called __qa_invoke 'source' '/home/mgorny/repos/stuge/net-misc/openbsc/openbsc-9999.ebuild'
!!! caught exception inherit requires an unknown eclass, kde-functions cannot be found while processing ebuild src: sci-misc/qcad-2.0.5.0
!!! caught exception Metadata Exception: pkg ebuild src: dev-java/etherpad-1.1, attr eapi
error: parsed eapi doesn't match sourced eapi while processing ebuild src: dev-java/etherpad-1.1
!!! caught exception Metadata Exception: pkg ebuild src: dev-java/xom-1.2.1, attr eapi
error: parsed eapi doesn't match sourced eapi while processing ebuild src: dev-java/xom-1.2.1
ERROR pkgcore: returned val from gen_metadata was 'False'
!!! caught exception False while processing ebuild src: games-puzzle/gnome-sudoku-0.7.1
ERROR pkgcore: returned val from gen_metadata was 'False'
!!! caught exception False while processing ebuild src: sys-power/pm-utils-1.4.1-r3
!!! caught exception Metadata Exception: pkg ebuild src: dev-java/ezmorph-1.0.6, attr eapi
error: parsed eapi doesn't match sourced eapi while processing ebuild src: dev-java/ezmorph-1.0.6
!!! caught exception Metadata Exception: pkg ebuild src: dev-java/json-lib-2.3, attr eapi
error: parsed eapi doesn't match sourced eapi while processing ebuild src: dev-java/json-lib-2.3
ERROR pkgcore: returned val from gen_metadata was 'False'
!!! caught exception False while processing ebuild src: dev-perl/Device-Gsm-1.60
!!! caught exception inherit requires an unknown eclass, git cannot be found while processing ebuild src: net-misc/openggsn-9999
ERROR pkgcore: returned val from gen_metadata was 'False'
!!! caught exception False while processing ebuild src: dev-libs/libhexfile-0.0
!!! caught exception inherit requires an unknown eclass, git cannot be found while processing ebuild src: net-misc/openbsc-9999
ERROR pkgcore: returned val from gen_metadata was 'False'
!!! caught exception False while processing ebuild src: net-misc/waitlink-1-r1
Error running an operation:
 Unhandled exception in regen_cache
Exception IOError: IOError(32, 'Broken pipe') in <functools.partial object at 0x7f6b50cc24c8> ignored
!!!         isolated-functions.lib, line 286:  Called source '/home/mgorny/repos/stuge/net-misc/openbsc/openbsc-9999.ebuild'
!!!            openbsc-9999.ebuild, line   3:  Called inherit 'git' 'autotools'
!!!   ebuild-default-functions.lib, line 230:  Called __internal_inherit 'git'
!!!              ebuild-daemon.lib, line  35:  Called die
!!! The die message:
!!!  inherit for git failed

sandbox:stop  caught signal 15 in pid 6077
Sandboxed process killed by signal: Terminated
sandbox:stop  caught signal 15 in pid 2302
Sandboxed process killed by signal: Terminated
Exception pkgcore.ebuild.processor.TimeoutError: TimeoutError() in <functools.partial object at 0x7f6b50d19b50> ignored
Traceback (most recent call last):
  File "/home/mgorny/pkgcore-venv/lib/python2.7/site-packages/pkgcore/ebuild/processor.py", line 91, in shutdown_all_processors
    ignore_keyboard_interrupt=True)
  File "/home/mgorny/pkgcore-venv/lib/python2.7/site-packages/pkgcore/ebuild/processor.py", line 670, in shutdown_processor
    elif self.is_alive:
  File "/home/mgorny/pkgcore-venv/lib/python2.7/site-packages/pkgcore/ebuild/processor.py", line 649, in is_alive
    if not self.expect("yep!", timeout=0.1):
  File "/home/mgorny/pkgcore-venv/lib/python2.7/site-packages/pkgcore/ebuild/processor.py", line 500, in expect
    return self._consume_async_expects()
  File "/home/mgorny/pkgcore-venv/lib/python2.7/site-packages/pkgcore/ebuild/processor.py", line 465, in _consume_async_expects
    got = [x.rstrip('\n') for x in self.readlines(len(self._outstanding_expects))]
  File "/home/mgorny/pkgcore-venv/lib/python2.7/site-packages/pkgcore/ebuild/processor.py", line 505, in readlines
    mydata.append(self.ebd_read.readline())
  File "/home/mgorny/pkgcore-venv/lib/python2.7/site-packages/pkgcore/ebuild/processor.py", line 472, in _timeout_ebp
    raise TimeoutError()
TimeoutError
Error in atexit._run_exitfuncs:
Traceback (most recent call last):
  File "/usr/lib64/python2.7/atexit.py", line 24, in _run_exitfuncs
    func(*targs, **kargs)
  File "/home/mgorny/pkgcore-venv/lib/python2.7/site-packages/pkgcore/spawn.py", line 89, in run_exitfuncs
    func(*targs, **kargs)
  File "/home/mgorny/pkgcore-venv/lib/python2.7/site-packages/pkgcore/ebuild/processor.py", line 70, in _inner
    return functor(*args, **kwds)
  File "/home/mgorny/pkgcore-venv/lib/python2.7/site-packages/pkgcore/ebuild/processor.py", line 91, in shutdown_all_processors
    ignore_keyboard_interrupt=True)
  File "/home/mgorny/pkgcore-venv/lib/python2.7/site-packages/pkgcore/ebuild/processor.py", line 670, in shutdown_processor
    elif self.is_alive:
  File "/home/mgorny/pkgcore-venv/lib/python2.7/site-packages/pkgcore/ebuild/processor.py", line 649, in is_alive
    if not self.expect("yep!", timeout=0.1):
  File "/home/mgorny/pkgcore-venv/lib/python2.7/site-packages/pkgcore/ebuild/processor.py", line 500, in expect
    return self._consume_async_expects()
  File "/home/mgorny/pkgcore-venv/lib/python2.7/site-packages/pkgcore/ebuild/processor.py", line 465, in _consume_async_expects
    got = [x.rstrip('\n') for x in self.readlines(len(self._outstanding_expects))]
  File "/home/mgorny/pkgcore-venv/lib/python2.7/site-packages/pkgcore/ebuild/processor.py", line 505, in readlines
    mydata.append(self.ebd_read.readline())
  File "/home/mgorny/pkgcore-venv/lib/python2.7/site-packages/pkgcore/ebuild/processor.py", line 472, in _timeout_ebp
    raise TimeoutError()
TimeoutError
Error in sys.exitfunc:
ERROR pkgcore: 
Traceback (most recent call last):
  File "/usr/lib64/python2.7/atexit.py", line 24, in _run_exitfuncs
    func(*targs, **kargs)
  File "/home/mgorny/pkgcore-venv/lib/python2.7/site-packages/pkgcore/spawn.py", line 89, in run_exitfuncs
    func(*targs, **kargs)
  File "/home/mgorny/pkgcore-venv/lib/python2.7/site-packages/pkgcore/ebuild/processor.py", line 70, in _inner
    return functor(*args, **kwds)
  File "/home/mgorny/pkgcore-venv/lib/python2.7/site-packages/pkgcore/ebuild/processor.py", line 91, in shutdown_all_processors
    ignore_keyboard_interrupt=True)
  File "/home/mgorny/pkgcore-venv/lib/python2.7/site-packages/pkgcore/ebuild/processor.py", line 670, in shutdown_processor
    elif self.is_alive:
  File "/home/mgorny/pkgcore-venv/lib/python2.7/site-packages/pkgcore/ebuild/processor.py", line 649, in is_alive
    if not self.expect("yep!", timeout=0.1):
  File "/home/mgorny/pkgcore-venv/lib/python2.7/site-packages/pkgcore/ebuild/processor.py", line 500, in expect
    return self._consume_async_expects()
  File "/home/mgorny/pkgcore-venv/lib/python2.7/site-packages/pkgcore/ebuild/processor.py", line 465, in _consume_async_expects
    got = [x.rstrip('\n') for x in self.readlines(len(self._outstanding_expects))]
  File "/home/mgorny/pkgcore-venv/lib/python2.7/site-packages/pkgcore/ebuild/processor.py", line 505, in readlines
    mydata.append(self.ebd_read.readline())
  File "/home/mgorny/pkgcore-venv/lib/python2.7/site-packages/pkgcore/ebuild/processor.py", line 472, in _timeout_ebp
    raise TimeoutError()
pkgcore.ebuild.processor.TimeoutError
 * Cache regen failed with 246
